[Sun, 13 Jan 2019 08:46:22 +0000] [/resources/5-awesome-ways-for-facebook-marketers-to-a-b-test-there-ad-creatives-for-higher-conversion-rate/] [-] processing tag .script type="text/javascript" src="https://cdn.ampproject.org/v0.js" async../script.
[Sun, 13 Jan 2019 08:46:22 +0000] [/resources/5-awesome-ways-for-facebook-marketers-to-a-b-test-there-ad-creatives-for-higher-conversion-rate/] [-] is_file_for_minification: external not whitelisted url https://cdn.ampproject.org/v0.js
[Sun, 13 Jan 2019 08:46:22 +0000] [/resources/5-awesome-ways-for-facebook-marketers-to-a-b-test-there-ad-creatives-for-higher-conversion-rate/] [-] file  didnt pass minification check: file_for_min: false ignore_js_files: true
[Sun, 13 Jan 2019 08:46:22 +0000] [/resources/5-awesome-ways-for-facebook-marketers-to-a-b-test-there-ad-creatives-for-higher-conversion-rate/] [-] processing tag .script src="https://cdn.ampproject.org/v0/amp-form-0.1.js" async="" custom-element="amp-form"../script.
[Sun, 13 Jan 2019 08:46:22 +0000] [/resources/5-awesome-ways-for-facebook-marketers-to-a-b-test-there-ad-creatives-for-higher-conversion-rate/] [-] is_file_for_minification: external not whitelisted url https://cdn.ampproject.org/v0/amp-form-0.1.js
[Sun, 13 Jan 2019 08:46:22 +0000] [/resources/5-awesome-ways-for-facebook-marketers-to-a-b-test-there-ad-creatives-for-higher-conversion-rate/] [-] file  didnt pass minification check: file_for_min: false ignore_js_files: true
[Sun, 13 Jan 2019 08:46:22 +0000] [/resources/5-awesome-ways-for-facebook-marketers-to-a-b-test-there-ad-creatives-for-higher-conversion-rate/] [-] processing tag .script src="https://cdn.ampproject.org/v0/amp-bind-0.1.js" async="" custom-element="amp-bind"../script.
[Sun, 13 Jan 2019 08:46:22 +0000] [/resources/5-awesome-ways-for-facebook-marketers-to-a-b-test-there-ad-creatives-for-higher-conversion-rate/] [-] is_file_for_minification: external not whitelisted url https://cdn.ampproject.org/v0/amp-bind-0.1.js
[Sun, 13 Jan 2019 08:46:22 +0000] [/resources/5-awesome-ways-for-facebook-marketers-to-a-b-test-there-ad-creatives-for-higher-conversion-rate/] [-] file  didnt pass minification check: file_for_min: false ignore_js_files: true
[Sun, 13 Jan 2019 08:46:22 +0000] [/resources/5-awesome-ways-for-facebook-marketers-to-a-b-test-there-ad-creatives-for-higher-conversion-rate/] [-] processing tag .script src="https://cdn.ampproject.org/v0/amp-mustache-0.2.js" async="" custom-template="amp-mustache"../script.
[Sun, 13 Jan 2019 08:46:22 +0000] [/resources/5-awesome-ways-for-facebook-marketers-to-a-b-test-there-ad-creatives-for-higher-conversion-rate/] [-] is_file_for_minification: external not whitelisted url https://cdn.ampproject.org/v0/amp-mustache-0.2.js
[Sun, 13 Jan 2019 08:46:22 +0000] [/resources/5-awesome-ways-for-facebook-marketers-to-a-b-test-there-ad-creatives-for-higher-conversion-rate/] [-] file  didnt pass minification check: file_for_min: false ignore_js_files: true
[Sun, 13 Jan 2019 08:46:22 +0000] [/resources/5-awesome-ways-for-facebook-marketers-to-a-b-test-there-ad-creatives-for-higher-conversion-rate/] [-] processing tag .script type="application/ld+json".{"@context":"https://schema.org","@type":"Organization","url":"https://www.nbdigitech.com/resources/","sameAs":["ht
[Sun, 13 Jan 2019 08:46:22 +0000] [/resources/5-awesome-ways-for-facebook-marketers-to-a-b-test-there-ad-creatives-for-higher-conversion-rate/] [-] its not src=, flushing
[Sun, 13 Jan 2019 08:46:22 +0000] [/resources/5-awesome-ways-for-facebook-marketers-to-a-b-test-there-ad-creatives-for-higher-conversion-rate/] [-] processing tag .script type="application/ld+json".{"@context":"https://schema.org","@type":"BreadcrumbList","itemListElement":[{"@type":"ListItem","position":1,"item
[Sun, 13 Jan 2019 08:46:22 +0000] [/resources/5-awesome-ways-for-facebook-marketers-to-a-b-test-there-ad-creatives-for-higher-conversion-rate/] [-] its not src=, flushing
[Sun, 13 Jan 2019 08:46:22 +0000] [/resources/5-awesome-ways-for-facebook-marketers-to-a-b-test-there-ad-creatives-for-higher-conversion-rate/] [-] processing tag ./head.
[Sun, 13 Jan 2019 08:46:22 +0000] [/resources/5-awesome-ways-for-facebook-marketers-to-a-b-test-there-ad-creatives-for-higher-conversion-rate/] [-] its not src=, flushing
[Sun, 13 Jan 2019 08:46:22 +0000] [/resources/5-awesome-ways-for-facebook-marketers-to-a-b-test-there-ad-creatives-for-higher-conversion-rate/] [-] processing tag .script type="application/json".{"values":{"author":"","email":"","url":"","submit":"Post Comment","comment_post_ID":"2147","comment_parent":"0","akis
[Sun, 13 Jan 2019 08:46:22 +0000] [/resources/5-awesome-ways-for-facebook-marketers-to-a-b-test-there-ad-creatives-for-higher-conversion-rate/] [-] its not src=, flushing
[Sun, 13 Jan 2019 08:46:22 +0000] [/resources/5-awesome-ways-for-facebook-marketers-to-a-b-test-there-ad-creatives-for-higher-conversion-rate/] [-] adding https://fonts.googleapis.com/css?family=Noto+Serif%3A400%2C400i%2C700%2C700i&amp;ver=5.0.3
[Sun, 13 Jan 2019 08:46:22 +0000] [/resources/5-awesome-ways-for-facebook-marketers-to-a-b-test-there-ad-creatives-for-higher-conversion-rate/] [-] is_file_for_minification: external not whitelisted url https://fonts.googleapis.com/css?family=Noto+Serif%3A400%2C400i%2C700%2C700i&amp;ver=5.0.3
[Sun, 13 Jan 2019 08:47:20 +0000] [/resources/?ao_speedup_cachebuster=53124] [https://www.nbdigitech.com/resources/?ao_speedup_cachebuster=53124] processing tag .script type="text/javascript" src="https://cdn.ampproject.org/v0.js" async../script.
[Sun, 13 Jan 2019 08:47:20 +0000] [/resources/?ao_speedup_cachebuster=53124] [https://www.nbdigitech.com/resources/?ao_speedup_cachebuster=53124] is_file_for_minification: external not whitelisted url https://cdn.ampproject.org/v0.js
[Sun, 13 Jan 2019 08:47:20 +0000] [/resources/?ao_speedup_cachebuster=53124] [https://www.nbdigitech.com/resources/?ao_speedup_cachebuster=53124] file  didnt pass minification check: file_for_min: false ignore_js_files: true
[Sun, 13 Jan 2019 08:47:20 +0000] [/resources/?ao_speedup_cachebuster=53124] [https://www.nbdigitech.com/resources/?ao_speedup_cachebuster=53124] processing tag .script src="https://cdn.ampproject.org/v0/amp-form-0.1.js" async="" custom-element="amp-form"../script.
[Sun, 13 Jan 2019 08:47:20 +0000] [/resources/?ao_speedup_cachebuster=53124] [https://www.nbdigitech.com/resources/?ao_speedup_cachebuster=53124] is_file_for_minification: external not whitelisted url https://cdn.ampproject.org/v0/amp-form-0.1.js
[Sun, 13 Jan 2019 08:47:20 +0000] [/resources/?ao_speedup_cachebuster=53124] [https://www.nbdigitech.com/resources/?ao_speedup_cachebuster=53124] file  didnt pass minification check: file_for_min: false ignore_js_files: true
[Sun, 13 Jan 2019 08:47:20 +0000] [/resources/?ao_speedup_cachebuster=53124] [https://www.nbdigitech.com/resources/?ao_speedup_cachebuster=53124] processing tag .script type="application/ld+json".{"@context":"https://schema.org","@type":"WebSite","@id":"https://www.nbdigitech.com/resources/#website","url":"htt
[Sun, 13 Jan 2019 08:47:20 +0000] [/resources/?ao_speedup_cachebuster=53124] [https://www.nbdigitech.com/resources/?ao_speedup_cachebuster=53124] its not src=, flushing
[Sun, 13 Jan 2019 08:47:20 +0000] [/resources/?ao_speedup_cachebuster=53124] [https://www.nbdigitech.com/resources/?ao_speedup_cachebuster=53124] processing tag .script type="application/ld+json".{"@context":"https://schema.org","@type":"Organization","url":"https://www.nbdigitech.com/resources/","sameAs":["ht
[Sun, 13 Jan 2019 08:47:20 +0000] [/resources/?ao_speedup_cachebuster=53124] [https://www.nbdigitech.com/resources/?ao_speedup_cachebuster=53124] its not src=, flushing
[Sun, 13 Jan 2019 08:47:20 +0000] [/resources/?ao_speedup_cachebuster=53124] [https://www.nbdigitech.com/resources/?ao_speedup_cachebuster=53124] processing tag ./head.
[Sun, 13 Jan 2019 08:47:20 +0000] [/resources/?ao_speedup_cachebuster=53124] [https://www.nbdigitech.com/resources/?ao_speedup_cachebuster=53124] its not src=, flushing
[Sun, 13 Jan 2019 08:47:20 +0000] [/resources/?ao_speedup_cachebuster=53124] [https://www.nbdigitech.com/resources/?ao_speedup_cachebuster=53124] adding https://fonts.googleapis.com/css?family=Noto+Serif%3A400%2C400i%2C700%2C700i&amp;ver=5.0.3
[Sun, 13 Jan 2019 08:47:20 +0000] [/resources/?ao_speedup_cachebuster=53124] [https://www.nbdigitech.com/resources/?ao_speedup_cachebuster=53124] is_file_for_minification: external not whitelisted url https://fonts.googleapis.com/css?family=Noto+Serif%3A400%2C400i%2C700%2C700i&amp;ver=5.0.3
[Sun, 13 Jan 2019 08:47:20 +0000] [/resources/?ao_speedup_cachebuster=57883] [https://www.nbdigitech.com/resources/?ao_speedup_cachebuster=57883] processing tag .script type="text/javascript" src="https://cdn.ampproject.org/v0.js" async../script.
[Sun, 13 Jan 2019 08:47:20 +0000] [/resources/?ao_speedup_cachebuster=57883] [https://www.nbdigitech.com/resources/?ao_speedup_cachebuster=57883] is_file_for_minification: external not whitelisted url https://cdn.ampproject.org/v0.js
[Sun, 13 Jan 2019 08:47:20 +0000] [/resources/?ao_speedup_cachebuster=57883] [https://www.nbdigitech.com/resources/?ao_speedup_cachebuster=57883] file  didnt pass minification check: file_for_min: false ignore_js_files: true
[Sun, 13 Jan 2019 08:47:20 +0000] [/resources/?ao_speedup_cachebuster=57883] [https://www.nbdigitech.com/resources/?ao_speedup_cachebuster=57883] processing tag .script src="https://cdn.ampproject.org/v0/amp-form-0.1.js" async="" custom-element="amp-form"../script.
[Sun, 13 Jan 2019 08:47:20 +0000] [/resources/?ao_speedup_cachebuster=57883] [https://www.nbdigitech.com/resources/?ao_speedup_cachebuster=57883] is_file_for_minification: external not whitelisted url https://cdn.ampproject.org/v0/amp-form-0.1.js
[Sun, 13 Jan 2019 08:47:20 +0000] [/resources/?ao_speedup_cachebuster=57883] [https://www.nbdigitech.com/resources/?ao_speedup_cachebuster=57883] file  didnt pass minification check: file_for_min: false ignore_js_files: true
[Sun, 13 Jan 2019 08:47:20 +0000] [/resources/?ao_speedup_cachebuster=57883] [https://www.nbdigitech.com/resources/?ao_speedup_cachebuster=57883] processing tag .script type="application/ld+json".{"@context":"https://schema.org","@type":"WebSite","@id":"https://www.nbdigitech.com/resources/#website","url":"htt
[Sun, 13 Jan 2019 08:47:20 +0000] [/resources/?ao_speedup_cachebuster=57883] [https://www.nbdigitech.com/resources/?ao_speedup_cachebuster=57883] its not src=, flushing
[Sun, 13 Jan 2019 08:47:20 +0000] [/resources/?ao_speedup_cachebuster=57883] [https://www.nbdigitech.com/resources/?ao_speedup_cachebuster=57883] processing tag .script type="application/ld+json".{"@context":"https://schema.org","@type":"Organization","url":"https://www.nbdigitech.com/resources/","sameAs":["ht
[Sun, 13 Jan 2019 08:47:20 +0000] [/resources/?ao_speedup_cachebuster=57883] [https://www.nbdigitech.com/resources/?ao_speedup_cachebuster=57883] its not src=, flushing
[Sun, 13 Jan 2019 08:47:20 +0000] [/resources/?ao_speedup_cachebuster=57883] [https://www.nbdigitech.com/resources/?ao_speedup_cachebuster=57883] processing tag ./head.
[Sun, 13 Jan 2019 08:47:20 +0000] [/resources/?ao_speedup_cachebuster=57883] [https://www.nbdigitech.com/resources/?ao_speedup_cachebuster=57883] its not src=, flushing
[Sun, 13 Jan 2019 08:47:20 +0000] [/resources/?ao_speedup_cachebuster=57883] [https://www.nbdigitech.com/resources/?ao_speedup_cachebuster=57883] adding https://fonts.googleapis.com/css?family=Noto+Serif%3A400%2C400i%2C700%2C700i&amp;ver=5.0.3
[Sun, 13 Jan 2019 08:47:20 +0000] [/resources/?ao_speedup_cachebuster=57883] [https://www.nbdigitech.com/resources/?ao_speedup_cachebuster=57883] is_file_for_minification: external not whitelisted url https://fonts.googleapis.com/css?family=Noto+Serif%3A400%2C400i%2C700%2C700i&amp;ver=5.0.3
[Sun, 13 Jan 2019 08:49:09 +0000] [/resources/digital-marketers/] [https://www.nbdigitech.com/resources/5-awesome-ways-for-facebook-marketers-to-a-b-test-there-ad-creatives-for-higher-conversion-rate/] processing tag .script type="text/javascript" src="https://cdn.ampproject.org/v0.js" async../script.
[Sun, 13 Jan 2019 08:49:09 +0000] [/resources/digital-marketers/] [https://www.nbdigitech.com/resources/5-awesome-ways-for-facebook-marketers-to-a-b-test-there-ad-creatives-for-higher-conversion-rate/] is_file_for_minification: external not whitelisted url https://cdn.ampproject.org/v0.js
[Sun, 13 Jan 2019 08:49:09 +0000] [/resources/digital-marketers/] [https://www.nbdigitech.com/resources/5-awesome-ways-for-facebook-marketers-to-a-b-test-there-ad-creatives-for-higher-conversion-rate/] file  didnt pass minification check: file_for_min: false ignore_js_files: true
[Sun, 13 Jan 2019 08:49:09 +0000] [/resources/digital-marketers/] [https://www.nbdigitech.com/resources/5-awesome-ways-for-facebook-marketers-to-a-b-test-there-ad-creatives-for-higher-conversion-rate/] processing tag .script src="https://cdn.ampproject.org/v0/amp-form-0.1.js" async="" custom-element="amp-form"../script.
[Sun, 13 Jan 2019 08:49:09 +0000] [/resources/digital-marketers/] [https://www.nbdigitech.com/resources/5-awesome-ways-for-facebook-marketers-to-a-b-test-there-ad-creatives-for-higher-conversion-rate/] is_file_for_minification: external not whitelisted url https://cdn.ampproject.org/v0/amp-form-0.1.js
[Sun, 13 Jan 2019 08:49:09 +0000] [/resources/digital-marketers/] [https://www.nbdigitech.com/resources/5-awesome-ways-for-facebook-marketers-to-a-b-test-there-ad-creatives-for-higher-conversion-rate/] file  didnt pass minification check: file_for_min: false ignore_js_files: true
[Sun, 13 Jan 2019 08:49:09 +0000] [/resources/digital-marketers/] [https://www.nbdigitech.com/resources/5-awesome-ways-for-facebook-marketers-to-a-b-test-there-ad-creatives-for-higher-conversion-rate/] processing tag .script src="https://cdn.ampproject.org/v0/amp-bind-0.1.js" async="" custom-element="amp-bind"../script.
[Sun, 13 Jan 2019 08:49:09 +0000] [/resources/digital-marketers/] [https://www.nbdigitech.com/resources/5-awesome-ways-for-facebook-marketers-to-a-b-test-there-ad-creatives-for-higher-conversion-rate/] is_file_for_minification: external not whitelisted url https://cdn.ampproject.org/v0/amp-bind-0.1.js
[Sun, 13 Jan 2019 08:49:09 +0000] [/resources/digital-marketers/] [https://www.nbdigitech.com/resources/5-awesome-ways-for-facebook-marketers-to-a-b-test-there-ad-creatives-for-higher-conversion-rate/] file  didnt pass minification check: file_for_min: false ignore_js_files: true
[Sun, 13 Jan 2019 08:49:09 +0000] [/resources/digital-marketers/] [https://www.nbdigitech.com/resources/5-awesome-ways-for-facebook-marketers-to-a-b-test-there-ad-creatives-for-higher-conversion-rate/] processing tag .script src="https://cdn.ampproject.org/v0/amp-mustache-0.2.js" async="" custom-template="amp-mustache"../script.
[Sun, 13 Jan 2019 08:49:09 +0000] [/resources/digital-marketers/] [https://www.nbdigitech.com/resources/5-awesome-ways-for-facebook-marketers-to-a-b-test-there-ad-creatives-for-higher-conversion-rate/] is_file_for_minification: external not whitelisted url https://cdn.ampproject.org/v0/amp-mustache-0.2.js
[Sun, 13 Jan 2019 08:49:09 +0000] [/resources/digital-marketers/] [https://www.nbdigitech.com/resources/5-awesome-ways-for-facebook-marketers-to-a-b-test-there-ad-creatives-for-higher-conversion-rate/] file  didnt pass minification check: file_for_min: false ignore_js_files: true
[Sun, 13 Jan 2019 08:49:09 +0000] [/resources/digital-marketers/] [https://www.nbdigitech.com/resources/5-awesome-ways-for-facebook-marketers-to-a-b-test-there-ad-creatives-for-higher-conversion-rate/] processing tag .script type="application/ld+json".{"@context":"https://schema.org","@type":"Organization","url":"https://www.nbdigitech.com/resources/","sameAs":["ht
[Sun, 13 Jan 2019 08:49:09 +0000] [/resources/digital-marketers/] [https://www.nbdigitech.com/resources/5-awesome-ways-for-facebook-marketers-to-a-b-test-there-ad-creatives-for-higher-conversion-rate/] its not src=, flushing
[Sun, 13 Jan 2019 08:49:09 +0000] [/resources/digital-marketers/] [https://www.nbdigitech.com/resources/5-awesome-ways-for-facebook-marketers-to-a-b-test-there-ad-creatives-for-higher-conversion-rate/] processing tag .script type="application/ld+json".{"@context":"https://schema.org","@type":"BreadcrumbList","itemListElement":[{"@type":"ListItem","position":1,"item
[Sun, 13 Jan 2019 08:49:09 +0000] [/resources/digital-marketers/] [https://www.nbdigitech.com/resources/5-awesome-ways-for-facebook-marketers-to-a-b-test-there-ad-creatives-for-higher-conversion-rate/] its not src=, flushing
[Sun, 13 Jan 2019 08:49:09 +0000] [/resources/digital-marketers/] [https://www.nbdigitech.com/resources/5-awesome-ways-for-facebook-marketers-to-a-b-test-there-ad-creatives-for-higher-conversion-rate/] processing tag ./head.
[Sun, 13 Jan 2019 08:49:09 +0000] [/resources/digital-marketers/] [https://www.nbdigitech.com/resources/5-awesome-ways-for-facebook-marketers-to-a-b-test-there-ad-creatives-for-higher-conversion-rate/] its not src=, flushing
[Sun, 13 Jan 2019 08:49:09 +0000] [/resources/digital-marketers/] [https://www.nbdigitech.com/resources/5-awesome-ways-for-facebook-marketers-to-a-b-test-there-ad-creatives-for-higher-conversion-rate/] processing tag .script type="application/json".{"values":{"submit":"Post Comment","comment_post_ID":"1971","comment_parent":"0","akismet_comment_nonce":"cbdfb2a70a",
[Sun, 13 Jan 2019 08:49:09 +0000] [/resources/digital-marketers/] [https://www.nbdigitech.com/resources/5-awesome-ways-for-facebook-marketers-to-a-b-test-there-ad-creatives-for-higher-conversion-rate/] its not src=, flushing
[Sun, 13 Jan 2019 08:49:09 +0000] [/resources/digital-marketers/] [https://www.nbdigitech.com/resources/5-awesome-ways-for-facebook-marketers-to-a-b-test-there-ad-creatives-for-higher-conversion-rate/] adding https://fonts.googleapis.com/css?family=Noto+Serif%3A400%2C400i%2C700%2C700i&amp;ver=5.0.3
[Sun, 13 Jan 2019 08:49:09 +0000] [/resources/digital-marketers/] [https://www.nbdigitech.com/resources/5-awesome-ways-for-facebook-marketers-to-a-b-test-there-ad-creatives-for-higher-conversion-rate/] is_file_for_minification: external not whitelisted url https://fonts.googleapis.com/css?family=Noto+Serif%3A400%2C400i%2C700%2C700i&amp;ver=5.0.3
[Sun, 13 Jan 2019 08:49:26 +0000] [/resources/digital-marketers/] [https://www.nbdigitech.com/resources/5-awesome-ways-for-facebook-marketers-to-a-b-test-there-ad-creatives-for-higher-conversion-rate/] processing tag .script type="text/javascript" src="https://cdn.ampproject.org/v0.js" async../script.
[Sun, 13 Jan 2019 08:49:26 +0000] [/resources/digital-marketers/] [https://www.nbdigitech.com/resources/5-awesome-ways-for-facebook-marketers-to-a-b-test-there-ad-creatives-for-higher-conversion-rate/] is_file_for_minification: external not whitelisted url https://cdn.ampproject.org/v0.js
[Sun, 13 Jan 2019 08:49:26 +0000] [/resources/digital-marketers/] [https://www.nbdigitech.com/resources/5-awesome-ways-for-facebook-marketers-to-a-b-test-there-ad-creatives-for-higher-conversion-rate/] file  didnt pass minification check: file_for_min: false ignore_js_files: true
[Sun, 13 Jan 2019 08:49:26 +0000] [/resources/digital-marketers/] [https://www.nbdigitech.com/resources/5-awesome-ways-for-facebook-marketers-to-a-b-test-there-ad-creatives-for-higher-conversion-rate/] processing tag .script src="https://cdn.ampproject.org/v0/amp-form-0.1.js" async="" custom-element="amp-form"../script.
[Sun, 13 Jan 2019 08:49:26 +0000] [/resources/digital-marketers/] [https://www.nbdigitech.com/resources/5-awesome-ways-for-facebook-marketers-to-a-b-test-there-ad-creatives-for-higher-conversion-rate/] is_file_for_minification: external not whitelisted url https://cdn.ampproject.org/v0/amp-form-0.1.js
[Sun, 13 Jan 2019 08:49:26 +0000] [/resources/digital-marketers/] [https://www.nbdigitech.com/resources/5-awesome-ways-for-facebook-marketers-to-a-b-test-there-ad-creatives-for-higher-conversion-rate/] file  didnt pass minification check: file_for_min: false ignore_js_files: true
[Sun, 13 Jan 2019 08:49:26 +0000] [/resources/digital-marketers/] [https://www.nbdigitech.com/resources/5-awesome-ways-for-facebook-marketers-to-a-b-test-there-ad-creatives-for-higher-conversion-rate/] processing tag .script src="https://cdn.ampproject.org/v0/amp-bind-0.1.js" async="" custom-element="amp-bind"../script.
[Sun, 13 Jan 2019 08:49:26 +0000] [/resources/digital-marketers/] [https://www.nbdigitech.com/resources/5-awesome-ways-for-facebook-marketers-to-a-b-test-there-ad-creatives-for-higher-conversion-rate/] is_file_for_minification: external not whitelisted url https://cdn.ampproject.org/v0/amp-bind-0.1.js
[Sun, 13 Jan 2019 08:49:26 +0000] [/resources/digital-marketers/] [https://www.nbdigitech.com/resources/5-awesome-ways-for-facebook-marketers-to-a-b-test-there-ad-creatives-for-higher-conversion-rate/] file  didnt pass minification check: file_for_min: false ignore_js_files: true
[Sun, 13 Jan 2019 08:49:26 +0000] [/resources/digital-marketers/] [https://www.nbdigitech.com/resources/5-awesome-ways-for-facebook-marketers-to-a-b-test-there-ad-creatives-for-higher-conversion-rate/] processing tag .script src="https://cdn.ampproject.org/v0/amp-mustache-0.2.js" async="" custom-template="amp-mustache"../script.
[Sun, 13 Jan 2019 08:49:26 +0000] [/resources/digital-marketers/] [https://www.nbdigitech.com/resources/5-awesome-ways-for-facebook-marketers-to-a-b-test-there-ad-creatives-for-higher-conversion-rate/] is_file_for_minification: external not whitelisted url https://cdn.ampproject.org/v0/amp-mustache-0.2.js
[Sun, 13 Jan 2019 08:49:26 +0000] [/resources/digital-marketers/] [https://www.nbdigitech.com/resources/5-awesome-ways-for-facebook-marketers-to-a-b-test-there-ad-creatives-for-higher-conversion-rate/] file  didnt pass minification check: file_for_min: false ignore_js_files: true
[Sun, 13 Jan 2019 08:49:26 +0000] [/resources/digital-marketers/] [https://www.nbdigitech.com/resources/5-awesome-ways-for-facebook-marketers-to-a-b-test-there-ad-creatives-for-higher-conversion-rate/] processing tag .script type="application/ld+json".{"@context":"https://schema.org","@type":"Organization","url":"https://www.nbdigitech.com/resources/","sameAs":["ht
[Sun, 13 Jan 2019 08:49:26 +0000] [/resources/digital-marketers/] [https://www.nbdigitech.com/resources/5-awesome-ways-for-facebook-marketers-to-a-b-test-there-ad-creatives-for-higher-conversion-rate/] its not src=, flushing
[Sun, 13 Jan 2019 08:49:26 +0000] [/resources/digital-marketers/] [https://www.nbdigitech.com/resources/5-awesome-ways-for-facebook-marketers-to-a-b-test-there-ad-creatives-for-higher-conversion-rate/] processing tag .script type="application/ld+json".{"@context":"https://schema.org","@type":"BreadcrumbList","itemListElement":[{"@type":"ListItem","position":1,"item
[Sun, 13 Jan 2019 08:49:26 +0000] [/resources/digital-marketers/] [https://www.nbdigitech.com/resources/5-awesome-ways-for-facebook-marketers-to-a-b-test-there-ad-creatives-for-higher-conversion-rate/] its not src=, flushing
[Sun, 13 Jan 2019 08:49:26 +0000] [/resources/digital-marketers/] [https://www.nbdigitech.com/resources/5-awesome-ways-for-facebook-marketers-to-a-b-test-there-ad-creatives-for-higher-conversion-rate/] processing tag ./head.
[Sun, 13 Jan 2019 08:49:26 +0000] [/resources/digital-marketers/] [https://www.nbdigitech.com/resources/5-awesome-ways-for-facebook-marketers-to-a-b-test-there-ad-creatives-for-higher-conversion-rate/] its not src=, flushing
[Sun, 13 Jan 2019 08:49:26 +0000] [/resources/digital-marketers/] [https://www.nbdigitech.com/resources/5-awesome-ways-for-facebook-marketers-to-a-b-test-there-ad-creatives-for-higher-conversion-rate/] processing tag .script type="application/json".{"values":{"submit":"Post Comment","comment_post_ID":"1971","comment_parent":"0","akismet_comment_nonce":"cbdfb2a70a",
[Sun, 13 Jan 2019 08:49:26 +0000] [/resources/digital-marketers/] [https://www.nbdigitech.com/resources/5-awesome-ways-for-facebook-marketers-to-a-b-test-there-ad-creatives-for-higher-conversion-rate/] its not src=, flushing
[Sun, 13 Jan 2019 08:49:26 +0000] [/resources/digital-marketers/] [https://www.nbdigitech.com/resources/5-awesome-ways-for-facebook-marketers-to-a-b-test-there-ad-creatives-for-higher-conversion-rate/] adding https://fonts.googleapis.com/css?family=Noto+Serif%3A400%2C400i%2C700%2C700i&amp;ver=5.0.3
[Sun, 13 Jan 2019 08:49:26 +0000] [/resources/digital-marketers/] [https://www.nbdigitech.com/resources/5-awesome-ways-for-facebook-marketers-to-a-b-test-there-ad-creatives-for-higher-conversion-rate/] is_file_for_minification: external not whitelisted url https://fonts.googleapis.com/css?family=Noto+Serif%3A400%2C400i%2C700%2C700i&amp;ver=5.0.3
[Sun, 13 Jan 2019 08:49:45 +0000] [/resources/digital-marketers/] [https://www.nbdigitech.com/resources/digital-marketers/] processing tag .script type="text/javascript" src="https://cdn.ampproject.org/v0.js" async../script.
[Sun, 13 Jan 2019 08:49:45 +0000] [/resources/digital-marketers/] [https://www.nbdigitech.com/resources/digital-marketers/] is_file_for_minification: external not whitelisted url https://cdn.ampproject.org/v0.js
[Sun, 13 Jan 2019 08:49:45 +0000] [/resources/digital-marketers/] [https://www.nbdigitech.com/resources/digital-marketers/] file  didnt pass minification check: file_for_min: false ignore_js_files: true
[Sun, 13 Jan 2019 08:49:45 +0000] [/resources/digital-marketers/] [https://www.nbdigitech.com/resources/digital-marketers/] processing tag .script src="https://cdn.ampproject.org/v0/amp-form-0.1.js" async="" custom-element="amp-form"../script.
[Sun, 13 Jan 2019 08:49:45 +0000] [/resources/digital-marketers/] [https://www.nbdigitech.com/resources/digital-marketers/] is_file_for_minification: external not whitelisted url https://cdn.ampproject.org/v0/amp-form-0.1.js
[Sun, 13 Jan 2019 08:49:45 +0000] [/resources/digital-marketers/] [https://www.nbdigitech.com/resources/digital-marketers/] file  didnt pass minification check: file_for_min: false ignore_js_files: true
[Sun, 13 Jan 2019 08:49:45 +0000] [/resources/digital-marketers/] [https://www.nbdigitech.com/resources/digital-marketers/] processing tag .script src="https://cdn.ampproject.org/v0/amp-bind-0.1.js" async="" custom-element="amp-bind"../script.
[Sun, 13 Jan 2019 08:49:45 +0000] [/resources/digital-marketers/] [https://www.nbdigitech.com/resources/digital-marketers/] is_file_for_minification: external not whitelisted url https://cdn.ampproject.org/v0/amp-bind-0.1.js
[Sun, 13 Jan 2019 08:49:45 +0000] [/resources/digital-marketers/] [https://www.nbdigitech.com/resources/digital-marketers/] file  didnt pass minification check: file_for_min: false ignore_js_files: true
[Sun, 13 Jan 2019 08:49:45 +0000] [/resources/digital-marketers/] [https://www.nbdigitech.com/resources/digital-marketers/] processing tag .script src="https://cdn.ampproject.org/v0/amp-mustache-0.2.js" async="" custom-template="amp-mustache"../script.
[Sun, 13 Jan 2019 08:49:45 +0000] [/resources/digital-marketers/] [https://www.nbdigitech.com/resources/digital-marketers/] is_file_for_minification: external not whitelisted url https://cdn.ampproject.org/v0/amp-mustache-0.2.js
[Sun, 13 Jan 2019 08:49:45 +0000] [/resources/digital-marketers/] [https://www.nbdigitech.com/resources/digital-marketers/] file  didnt pass minification check: file_for_min: false ignore_js_files: true
[Sun, 13 Jan 2019 08:49:45 +0000] [/resources/digital-marketers/] [https://www.nbdigitech.com/resources/digital-marketers/] processing tag .script type="application/ld+json".{"@context":"https://schema.org","@type":"Organization","url":"https://www.nbdigitech.com/resources/","sameAs":["ht
[Sun, 13 Jan 2019 08:49:45 +0000] [/resources/digital-marketers/] [https://www.nbdigitech.com/resources/digital-marketers/] its not src=, flushing
[Sun, 13 Jan 2019 08:49:45 +0000] [/resources/digital-marketers/] [https://www.nbdigitech.com/resources/digital-marketers/] processing tag .script type="application/ld+json".{"@context":"https://schema.org","@type":"BreadcrumbList","itemListElement":[{"@type":"ListItem","position":1,"item
[Sun, 13 Jan 2019 08:49:45 +0000] [/resources/digital-marketers/] [https://www.nbdigitech.com/resources/digital-marketers/] its not src=, flushing
[Sun, 13 Jan 2019 08:49:45 +0000] [/resources/digital-marketers/] [https://www.nbdigitech.com/resources/digital-marketers/] processing tag ./head.
[Sun, 13 Jan 2019 08:49:45 +0000] [/resources/digital-marketers/] [https://www.nbdigitech.com/resources/digital-marketers/] its not src=, flushing
[Sun, 13 Jan 2019 08:49:45 +0000] [/resources/digital-marketers/] [https://www.nbdigitech.com/resources/digital-marketers/] processing tag .script type="application/json".{"values":{"submit":"Post Comment","comment_post_ID":"1971","comment_parent":"0","akismet_comment_nonce":"cbdfb2a70a",
[Sun, 13 Jan 2019 08:49:45 +0000] [/resources/digital-marketers/] [https://www.nbdigitech.com/resources/digital-marketers/] its not src=, flushing
[Sun, 13 Jan 2019 08:49:45 +0000] [/resources/digital-marketers/] [https://www.nbdigitech.com/resources/digital-marketers/] adding https://fonts.googleapis.com/css?family=Noto+Serif%3A400%2C400i%2C700%2C700i&amp;ver=5.0.3
[Sun, 13 Jan 2019 08:49:45 +0000] [/resources/digital-marketers/] [https://www.nbdigitech.com/resources/digital-marketers/] is_file_for_minification: external not whitelisted url https://fonts.googleapis.com/css?family=Noto+Serif%3A400%2C400i%2C700%2C700i&amp;ver=5.0.3
[Sun, 13 Jan 2019 08:50:02 +0000] [/resources/digital-marketers/?amp_validate=05d3f07def&amp_cache_bust=3402011650] [https://www.nbdigitech.com/resources/digital-marketers/?amp_validate=05d3f07def&amp_cache_bust=3402011650] processing tag .script type="text/javascript" src="https://cdn.ampproject.org/v0.js" async../script.
[Sun, 13 Jan 2019 08:50:02 +0000] [/resources/digital-marketers/?amp_validate=05d3f07def&amp_cache_bust=3402011650] [https://www.nbdigitech.com/resources/digital-marketers/?amp_validate=05d3f07def&amp_cache_bust=3402011650] is_file_for_minification: external not whitelisted url https://cdn.ampproject.org/v0.js
[Sun, 13 Jan 2019 08:50:02 +0000] [/resources/digital-marketers/?amp_validate=05d3f07def&amp_cache_bust=3402011650] [https://www.nbdigitech.com/resources/digital-marketers/?amp_validate=05d3f07def&amp_cache_bust=3402011650] file  didnt pass minification check: file_for_min: false ignore_js_files: true
[Sun, 13 Jan 2019 08:50:02 +0000] [/resources/digital-marketers/?amp_validate=05d3f07def&amp_cache_bust=3402011650] [https://www.nbdigitech.com/resources/digital-marketers/?amp_validate=05d3f07def&amp_cache_bust=3402011650] processing tag .script src="https://cdn.ampproject.org/v0/amp-form-0.1.js" async="" custom-element="amp-form"../script.
[Sun, 13 Jan 2019 08:50:02 +0000] [/resources/digital-marketers/?amp_validate=05d3f07def&amp_cache_bust=3402011650] [https://www.nbdigitech.com/resources/digital-marketers/?amp_validate=05d3f07def&amp_cache_bust=3402011650] is_file_for_minification: external not whitelisted url https://cdn.ampproject.org/v0/amp-form-0.1.js
[Sun, 13 Jan 2019 08:50:02 +0000] [/resources/digital-marketers/?amp_validate=05d3f07def&amp_cache_bust=3402011650] [https://www.nbdigitech.com/resources/digital-marketers/?amp_validate=05d3f07def&amp_cache_bust=3402011650] file  didnt pass minification check: file_for_min: false ignore_js_files: true
[Sun, 13 Jan 2019 08:50:02 +0000] [/resources/digital-marketers/?amp_validate=05d3f07def&amp_cache_bust=3402011650] [https://www.nbdigitech.com/resources/digital-marketers/?amp_validate=05d3f07def&amp_cache_bust=3402011650] processing tag .script src="https://cdn.ampproject.org/v0/amp-bind-0.1.js" async="" custom-element="amp-bind"../script.
[Sun, 13 Jan 2019 08:50:02 +0000] [/resources/digital-marketers/?amp_validate=05d3f07def&amp_cache_bust=3402011650] [https://www.nbdigitech.com/resources/digital-marketers/?amp_validate=05d3f07def&amp_cache_bust=3402011650] is_file_for_minification: external not whitelisted url https://cdn.ampproject.org/v0/amp-bind-0.1.js
[Sun, 13 Jan 2019 08:50:02 +0000] [/resources/digital-marketers/?amp_validate=05d3f07def&amp_cache_bust=3402011650] [https://www.nbdigitech.com/resources/digital-marketers/?amp_validate=05d3f07def&amp_cache_bust=3402011650] file  didnt pass minification check: file_for_min: false ignore_js_files: true
[Sun, 13 Jan 2019 08:50:02 +0000] [/resources/digital-marketers/?amp_validate=05d3f07def&amp_cache_bust=3402011650] [https://www.nbdigitech.com/resources/digital-marketers/?amp_validate=05d3f07def&amp_cache_bust=3402011650] processing tag .script src="https://cdn.ampproject.org/v0/amp-mustache-0.2.js" async="" custom-template="amp-mustache"../script.
[Sun, 13 Jan 2019 08:50:02 +0000] [/resources/digital-marketers/?amp_validate=05d3f07def&amp_cache_bust=3402011650] [https://www.nbdigitech.com/resources/digital-marketers/?amp_validate=05d3f07def&amp_cache_bust=3402011650] is_file_for_minification: external not whitelisted url https://cdn.ampproject.org/v0/amp-mustache-0.2.js
[Sun, 13 Jan 2019 08:50:02 +0000] [/resources/digital-marketers/?amp_validate=05d3f07def&amp_cache_bust=3402011650] [https://www.nbdigitech.com/resources/digital-marketers/?amp_validate=05d3f07def&amp_cache_bust=3402011650] file  didnt pass minification check: file_for_min: false ignore_js_files: true
[Sun, 13 Jan 2019 08:50:02 +0000] [/resources/digital-marketers/?amp_validate=05d3f07def&amp_cache_bust=3402011650] [https://www.nbdigitech.com/resources/digital-marketers/?amp_validate=05d3f07def&amp_cache_bust=3402011650] processing tag .script type="application/ld+json".{"@context":"https://schema.org","@type":"Organization","url":"https://www.nbdigitech.com/resources/","sameAs":["ht
[Sun, 13 Jan 2019 08:50:02 +0000] [/resources/digital-marketers/?amp_validate=05d3f07def&amp_cache_bust=3402011650] [https://www.nbdigitech.com/resources/digital-marketers/?amp_validate=05d3f07def&amp_cache_bust=3402011650] its not src=, flushing
[Sun, 13 Jan 2019 08:50:02 +0000] [/resources/digital-marketers/?amp_validate=05d3f07def&amp_cache_bust=3402011650] [https://www.nbdigitech.com/resources/digital-marketers/?amp_validate=05d3f07def&amp_cache_bust=3402011650] processing tag .script type="application/ld+json".{"@context":"https://schema.org","@type":"BreadcrumbList","itemListElement":[{"@type":"ListItem","position":1,"item
[Sun, 13 Jan 2019 08:50:02 +0000] [/resources/digital-marketers/?amp_validate=05d3f07def&amp_cache_bust=3402011650] [https://www.nbdigitech.com/resources/digital-marketers/?amp_validate=05d3f07def&amp_cache_bust=3402011650] its not src=, flushing
[Sun, 13 Jan 2019 08:50:02 +0000] [/resources/digital-marketers/?amp_validate=05d3f07def&amp_cache_bust=3402011650] [https://www.nbdigitech.com/resources/digital-marketers/?amp_validate=05d3f07def&amp_cache_bust=3402011650] processing tag ./head.
[Sun, 13 Jan 2019 08:50:02 +0000] [/resources/digital-marketers/?amp_validate=05d3f07def&amp_cache_bust=3402011650] [https://www.nbdigitech.com/resources/digital-marketers/?amp_validate=05d3f07def&amp_cache_bust=3402011650] its not src=, flushing
[Sun, 13 Jan 2019 08:50:02 +0000] [/resources/digital-marketers/?amp_validate=05d3f07def&amp_cache_bust=3402011650] [https://www.nbdigitech.com/resources/digital-marketers/?amp_validate=05d3f07def&amp_cache_bust=3402011650] processing tag .script type="application/json".{"values":{"submit":"Post Comment","comment_post_ID":"1971","comment_parent":"0","akismet_comment_nonce":"cbdfb2a70a",
[Sun, 13 Jan 2019 08:50:02 +0000] [/resources/digital-marketers/?amp_validate=05d3f07def&amp_cache_bust=3402011650] [https://www.nbdigitech.com/resources/digital-marketers/?amp_validate=05d3f07def&amp_cache_bust=3402011650] its not src=, flushing
[Sun, 13 Jan 2019 08:50:02 +0000] [/resources/digital-marketers/?amp_validate=05d3f07def&amp_cache_bust=3402011650] [https://www.nbdigitech.com/resources/digital-marketers/?amp_validate=05d3f07def&amp_cache_bust=3402011650] adding https://fonts.googleapis.com/css?family=Noto+Serif%3A400%2C400i%2C700%2C700i&amp;ver=5.0.3
[Sun, 13 Jan 2019 08:50:02 +0000] [/resources/digital-marketers/?amp_validate=05d3f07def&amp_cache_bust=3402011650] [https://www.nbdigitech.com/resources/digital-marketers/?amp_validate=05d3f07def&amp_cache_bust=3402011650] is_file_for_minification: external not whitelisted url https://fonts.googleapis.com/css?family=Noto+Serif%3A400%2C400i%2C700%2C700i&amp;ver=5.0.3
[Sun, 13 Jan 2019 08:50:40 +0000] [/resources/?ao_speedup_cachebuster=78556] [https://www.nbdigitech.com/resources/?ao_speedup_cachebuster=78556] processing tag .script type="text/javascript" src="https://cdn.ampproject.org/v0.js" async../script.
[Sun, 13 Jan 2019 08:50:40 +0000] [/resources/?ao_speedup_cachebuster=78556] [https://www.nbdigitech.com/resources/?ao_speedup_cachebuster=78556] is_file_for_minification: external not whitelisted url https://cdn.ampproject.org/v0.js
[Sun, 13 Jan 2019 08:50:40 +0000] [/resources/?ao_speedup_cachebuster=78556] [https://www.nbdigitech.com/resources/?ao_speedup_cachebuster=78556] file  didnt pass minification check: file_for_min: false ignore_js_files: true
[Sun, 13 Jan 2019 08:50:40 +0000] [/resources/?ao_speedup_cachebuster=78556] [https://www.nbdigitech.com/resources/?ao_speedup_cachebuster=78556] processing tag .script src="https://cdn.ampproject.org/v0/amp-form-0.1.js" async="" custom-element="amp-form"../script.
[Sun, 13 Jan 2019 08:50:40 +0000] [/resources/?ao_speedup_cachebuster=78556] [https://www.nbdigitech.com/resources/?ao_speedup_cachebuster=78556] is_file_for_minification: external not whitelisted url https://cdn.ampproject.org/v0/amp-form-0.1.js
[Sun, 13 Jan 2019 08:50:40 +0000] [/resources/?ao_speedup_cachebuster=78556] [https://www.nbdigitech.com/resources/?ao_speedup_cachebuster=78556] file  didnt pass minification check: file_for_min: false ignore_js_files: true
[Sun, 13 Jan 2019 08:50:40 +0000] [/resources/?ao_speedup_cachebuster=78556] [https://www.nbdigitech.com/resources/?ao_speedup_cachebuster=78556] processing tag .script type="application/ld+json".{"@context":"https://schema.org","@type":"WebSite","@id":"https://www.nbdigitech.com/resources/#website","url":"htt
[Sun, 13 Jan 2019 08:50:40 +0000] [/resources/?ao_speedup_cachebuster=78556] [https://www.nbdigitech.com/resources/?ao_speedup_cachebuster=78556] its not src=, flushing
[Sun, 13 Jan 2019 08:50:40 +0000] [/resources/?ao_speedup_cachebuster=78556] [https://www.nbdigitech.com/resources/?ao_speedup_cachebuster=78556] processing tag .script type="application/ld+json".{"@context":"https://schema.org","@type":"Organization","url":"https://www.nbdigitech.com/resources/","sameAs":["ht
[Sun, 13 Jan 2019 08:50:40 +0000] [/resources/?ao_speedup_cachebuster=78556] [https://www.nbdigitech.com/resources/?ao_speedup_cachebuster=78556] its not src=, flushing
[Sun, 13 Jan 2019 08:50:40 +0000] [/resources/?ao_speedup_cachebuster=78556] [https://www.nbdigitech.com/resources/?ao_speedup_cachebuster=78556] processing tag ./head.
[Sun, 13 Jan 2019 08:50:40 +0000] [/resources/?ao_speedup_cachebuster=78556] [https://www.nbdigitech.com/resources/?ao_speedup_cachebuster=78556] its not src=, flushing
[Sun, 13 Jan 2019 08:50:40 +0000] [/resources/?ao_speedup_cachebuster=78556] [https://www.nbdigitech.com/resources/?ao_speedup_cachebuster=78556] adding https://fonts.googleapis.com/css?family=Noto+Serif%3A400%2C400i%2C700%2C700i&amp;ver=5.0.3
[Sun, 13 Jan 2019 08:50:40 +0000] [/resources/?ao_speedup_cachebuster=78556] [https://www.nbdigitech.com/resources/?ao_speedup_cachebuster=78556] is_file_for_minification: external not whitelisted url https://fonts.googleapis.com/css?family=Noto+Serif%3A400%2C400i%2C700%2C700i&amp;ver=5.0.3
[Sun, 13 Jan 2019 08:50:42 +0000] [/resources/digital-marketers/?amp_validate=05d3f07def&amp_cache_bust=13990776] [https://www.nbdigitech.com/resources/digital-marketers/?amp_validate=05d3f07def&amp_cache_bust=13990776] processing tag .script type="text/javascript" src="https://cdn.ampproject.org/v0.js" async../script.
[Sun, 13 Jan 2019 08:50:42 +0000] [/resources/digital-marketers/?amp_validate=05d3f07def&amp_cache_bust=13990776] [https://www.nbdigitech.com/resources/digital-marketers/?amp_validate=05d3f07def&amp_cache_bust=13990776] is_file_for_minification: external not whitelisted url https://cdn.ampproject.org/v0.js
[Sun, 13 Jan 2019 08:50:42 +0000] [/resources/digital-marketers/?amp_validate=05d3f07def&amp_cache_bust=13990776] [https://www.nbdigitech.com/resources/digital-marketers/?amp_validate=05d3f07def&amp_cache_bust=13990776] file  didnt pass minification check: file_for_min: false ignore_js_files: true
[Sun, 13 Jan 2019 08:50:42 +0000] [/resources/digital-marketers/?amp_validate=05d3f07def&amp_cache_bust=13990776] [https://www.nbdigitech.com/resources/digital-marketers/?amp_validate=05d3f07def&amp_cache_bust=13990776] processing tag .script src="https://cdn.ampproject.org/v0/amp-form-0.1.js" async="" custom-element="amp-form"../script.
[Sun, 13 Jan 2019 08:50:42 +0000] [/resources/digital-marketers/?amp_validate=05d3f07def&amp_cache_bust=13990776] [https://www.nbdigitech.com/resources/digital-marketers/?amp_validate=05d3f07def&amp_cache_bust=13990776] is_file_for_minification: external not whitelisted url https://cdn.ampproject.org/v0/amp-form-0.1.js
[Sun, 13 Jan 2019 08:50:42 +0000] [/resources/digital-marketers/?amp_validate=05d3f07def&amp_cache_bust=13990776] [https://www.nbdigitech.com/resources/digital-marketers/?amp_validate=05d3f07def&amp_cache_bust=13990776] file  didnt pass minification check: file_for_min: false ignore_js_files: true
[Sun, 13 Jan 2019 08:50:42 +0000] [/resources/digital-marketers/?amp_validate=05d3f07def&amp_cache_bust=13990776] [https://www.nbdigitech.com/resources/digital-marketers/?amp_validate=05d3f07def&amp_cache_bust=13990776] processing tag .script src="https://cdn.ampproject.org/v0/amp-bind-0.1.js" async="" custom-element="amp-bind"../script.
[Sun, 13 Jan 2019 08:50:42 +0000] [/resources/digital-marketers/?amp_validate=05d3f07def&amp_cache_bust=13990776] [https://www.nbdigitech.com/resources/digital-marketers/?amp_validate=05d3f07def&amp_cache_bust=13990776] is_file_for_minification: external not whitelisted url https://cdn.ampproject.org/v0/amp-bind-0.1.js
[Sun, 13 Jan 2019 08:50:42 +0000] [/resources/digital-marketers/?amp_validate=05d3f07def&amp_cache_bust=13990776] [https://www.nbdigitech.com/resources/digital-marketers/?amp_validate=05d3f07def&amp_cache_bust=13990776] file  didnt pass minification check: file_for_min: false ignore_js_files: true
[Sun, 13 Jan 2019 08:50:42 +0000] [/resources/digital-marketers/?amp_validate=05d3f07def&amp_cache_bust=13990776] [https://www.nbdigitech.com/resources/digital-marketers/?amp_validate=05d3f07def&amp_cache_bust=13990776] processing tag .script src="https://cdn.ampproject.org/v0/amp-mustache-0.2.js" async="" custom-template="amp-mustache"../script.
[Sun, 13 Jan 2019 08:50:42 +0000] [/resources/digital-marketers/?amp_validate=05d3f07def&amp_cache_bust=13990776] [https://www.nbdigitech.com/resources/digital-marketers/?amp_validate=05d3f07def&amp_cache_bust=13990776] is_file_for_minification: external not whitelisted url https://cdn.ampproject.org/v0/amp-mustache-0.2.js
[Sun, 13 Jan 2019 08:50:42 +0000] [/resources/digital-marketers/?amp_validate=05d3f07def&amp_cache_bust=13990776] [https://www.nbdigitech.com/resources/digital-marketers/?amp_validate=05d3f07def&amp_cache_bust=13990776] file  didnt pass minification check: file_for_min: false ignore_js_files: true
[Sun, 13 Jan 2019 08:50:42 +0000] [/resources/digital-marketers/?amp_validate=05d3f07def&amp_cache_bust=13990776] [https://www.nbdigitech.com/resources/digital-marketers/?amp_validate=05d3f07def&amp_cache_bust=13990776] processing tag .script type="application/ld+json".{"@context":"https://schema.org","@type":"Organization","url":"https://www.nbdigitech.com/resources/","sameAs":["ht
[Sun, 13 Jan 2019 08:50:42 +0000] [/resources/digital-marketers/?amp_validate=05d3f07def&amp_cache_bust=13990776] [https://www.nbdigitech.com/resources/digital-marketers/?amp_validate=05d3f07def&amp_cache_bust=13990776] its not src=, flushing
[Sun, 13 Jan 2019 08:50:42 +0000] [/resources/digital-marketers/?amp_validate=05d3f07def&amp_cache_bust=13990776] [https://www.nbdigitech.com/resources/digital-marketers/?amp_validate=05d3f07def&amp_cache_bust=13990776] processing tag .script type="application/ld+json".{"@context":"https://schema.org","@type":"BreadcrumbList","itemListElement":[{"@type":"ListItem","position":1,"item
[Sun, 13 Jan 2019 08:50:42 +0000] [/resources/digital-marketers/?amp_validate=05d3f07def&amp_cache_bust=13990776] [https://www.nbdigitech.com/resources/digital-marketers/?amp_validate=05d3f07def&amp_cache_bust=13990776] its not src=, flushing
[Sun, 13 Jan 2019 08:50:42 +0000] [/resources/digital-marketers/?amp_validate=05d3f07def&amp_cache_bust=13990776] [https://www.nbdigitech.com/resources/digital-marketers/?amp_validate=05d3f07def&amp_cache_bust=13990776] processing tag ./head.
[Sun, 13 Jan 2019 08:50:42 +0000] [/resources/digital-marketers/?amp_validate=05d3f07def&amp_cache_bust=13990776] [https://www.nbdigitech.com/resources/digital-marketers/?amp_validate=05d3f07def&amp_cache_bust=13990776] its not src=, flushing
[Sun, 13 Jan 2019 08:50:42 +0000] [/resources/digital-marketers/?amp_validate=05d3f07def&amp_cache_bust=13990776] [https://www.nbdigitech.com/resources/digital-marketers/?amp_validate=05d3f07def&amp_cache_bust=13990776] processing tag .script type="application/json".{"values":{"submit":"Post Comment","comment_post_ID":"1971","comment_parent":"0","akismet_comment_nonce":"cbdfb2a70a",
[Sun, 13 Jan 2019 08:50:42 +0000] [/resources/digital-marketers/?amp_validate=05d3f07def&amp_cache_bust=13990776] [https://www.nbdigitech.com/resources/digital-marketers/?amp_validate=05d3f07def&amp_cache_bust=13990776] its not src=, flushing
[Sun, 13 Jan 2019 08:50:42 +0000] [/resources/digital-marketers/?amp_validate=05d3f07def&amp_cache_bust=13990776] [https://www.nbdigitech.com/resources/digital-marketers/?amp_validate=05d3f07def&amp_cache_bust=13990776] adding https://fonts.googleapis.com/css?family=Noto+Serif%3A400%2C400i%2C700%2C700i&amp;ver=5.0.3
[Sun, 13 Jan 2019 08:50:42 +0000] [/resources/digital-marketers/?amp_validate=05d3f07def&amp_cache_bust=13990776] [https://www.nbdigitech.com/resources/digital-marketers/?amp_validate=05d3f07def&amp_cache_bust=13990776] is_file_for_minification: external not whitelisted url https://fonts.googleapis.com/css?family=Noto+Serif%3A400%2C400i%2C700%2C700i&amp;ver=5.0.3
[Sun, 13 Jan 2019 08:51:27 +0000] [/resources/video-content-production/] [-] processing tag .script type="text/javascript" src="https://cdn.ampproject.org/v0.js" async../script.
[Sun, 13 Jan 2019 08:51:27 +0000] [/resources/video-content-production/] [-] is_file_for_minification: external not whitelisted url https://cdn.ampproject.org/v0.js
[Sun, 13 Jan 2019 08:51:27 +0000] [/resources/video-content-production/] [-] file  didnt pass minification check: file_for_min: false ignore_js_files: true
[Sun, 13 Jan 2019 08:51:27 +0000] [/resources/video-content-production/] [-] processing tag .script src="https://cdn.ampproject.org/v0/amp-form-0.1.js" async="" custom-element="amp-form"../script.
[Sun, 13 Jan 2019 08:51:27 +0000] [/resources/video-content-production/] [-] is_file_for_minification: external not whitelisted url https://cdn.ampproject.org/v0/amp-form-0.1.js
[Sun, 13 Jan 2019 08:51:27 +0000] [/resources/video-content-production/] [-] file  didnt pass minification check: file_for_min: false ignore_js_files: true
[Sun, 13 Jan 2019 08:51:27 +0000] [/resources/video-content-production/] [-] processing tag .script type="application/ld+json".{"@context":"https://schema.org","@type":"Organization","url":"https://www.nbdigitech.com/resources/","sameAs":["ht
[Sun, 13 Jan 2019 08:51:27 +0000] [/resources/video-content-production/] [-] its not src=, flushing
[Sun, 13 Jan 2019 08:51:27 +0000] [/resources/video-content-production/] [-] processing tag .script type="application/ld+json".{"@context":"https://schema.org","@type":"BreadcrumbList","itemListElement":[{"@type":"ListItem","position":1,"item
[Sun, 13 Jan 2019 08:51:27 +0000] [/resources/video-content-production/] [-] its not src=, flushing
[Sun, 13 Jan 2019 08:51:27 +0000] [/resources/video-content-production/] [-] processing tag ./head.
[Sun, 13 Jan 2019 08:51:27 +0000] [/resources/video-content-production/] [-] its not src=, flushing
[Sun, 13 Jan 2019 08:51:27 +0000] [/resources/video-content-production/] [-] adding https://fonts.googleapis.com/css?family=Noto+Serif%3A400%2C400i%2C700%2C700i&amp;ver=5.0.3
[Sun, 13 Jan 2019 08:51:27 +0000] [/resources/video-content-production/] [-] is_file_for_minification: external not whitelisted url https://fonts.googleapis.com/css?family=Noto+Serif%3A400%2C400i%2C700%2C700i&amp;ver=5.0.3
[Sun, 13 Jan 2019 08:56:38 +0000] [/resources/5-awesome-ways-for-facebook-marketers-to-a-b-test-there-ad-creatives-for-higher-conversion-rate/?amp_validate=05d3f07def&amp_cache_bust=4189785196] [https://www.nbdigitech.com/resources/5-awesome-ways-for-facebook-marketers-to-a-b-test-there-ad-creatives-for-higher-conversion-rate/?amp_validate=05d3f07def&amp_cache_bust=4189785196] processing tag .script type="text/javascript" src="https://cdn.ampproject.org/v0.js" async../script.
[Sun, 13 Jan 2019 08:56:38 +0000] [/resources/5-awesome-ways-for-facebook-marketers-to-a-b-test-there-ad-creatives-for-higher-conversion-rate/?amp_validate=05d3f07def&amp_cache_bust=4189785196] [https://www.nbdigitech.com/resources/5-awesome-ways-for-facebook-marketers-to-a-b-test-there-ad-creatives-for-higher-conversion-rate/?amp_validate=05d3f07def&amp_cache_bust=4189785196] is_file_for_minification: external not whitelisted url https://cdn.ampproject.org/v0.js
[Sun, 13 Jan 2019 08:56:38 +0000] [/resources/5-awesome-ways-for-facebook-marketers-to-a-b-test-there-ad-creatives-for-higher-conversion-rate/?amp_validate=05d3f07def&amp_cache_bust=4189785196] [https://www.nbdigitech.com/resources/5-awesome-ways-for-facebook-marketers-to-a-b-test-there-ad-creatives-for-higher-conversion-rate/?amp_validate=05d3f07def&amp_cache_bust=4189785196] file  didnt pass minification check: file_for_min: false ignore_js_files: true
[Sun, 13 Jan 2019 08:56:38 +0000] [/resources/5-awesome-ways-for-facebook-marketers-to-a-b-test-there-ad-creatives-for-higher-conversion-rate/?amp_validate=05d3f07def&amp_cache_bust=4189785196] [https://www.nbdigitech.com/resources/5-awesome-ways-for-facebook-marketers-to-a-b-test-there-ad-creatives-for-higher-conversion-rate/?amp_validate=05d3f07def&amp_cache_bust=4189785196] processing tag .script src="https://cdn.ampproject.org/v0/amp-form-0.1.js" async="" custom-element="amp-form"../script.
[Sun, 13 Jan 2019 08:56:38 +0000] [/resources/5-awesome-ways-for-facebook-marketers-to-a-b-test-there-ad-creatives-for-higher-conversion-rate/?amp_validate=05d3f07def&amp_cache_bust=4189785196] [https://www.nbdigitech.com/resources/5-awesome-ways-for-facebook-marketers-to-a-b-test-there-ad-creatives-for-higher-conversion-rate/?amp_validate=05d3f07def&amp_cache_bust=4189785196] is_file_for_minification: external not whitelisted url https://cdn.ampproject.org/v0/amp-form-0.1.js
[Sun, 13 Jan 2019 08:56:38 +0000] [/resources/5-awesome-ways-for-facebook-marketers-to-a-b-test-there-ad-creatives-for-higher-conversion-rate/?amp_validate=05d3f07def&amp_cache_bust=4189785196] [https://www.nbdigitech.com/resources/5-awesome-ways-for-facebook-marketers-to-a-b-test-there-ad-creatives-for-higher-conversion-rate/?amp_validate=05d3f07def&amp_cache_bust=4189785196] file  didnt pass minification check: file_for_min: false ignore_js_files: true
[Sun, 13 Jan 2019 08:56:38 +0000] [/resources/5-awesome-ways-for-facebook-marketers-to-a-b-test-there-ad-creatives-for-higher-conversion-rate/?amp_validate=05d3f07def&amp_cache_bust=4189785196] [https://www.nbdigitech.com/resources/5-awesome-ways-for-facebook-marketers-to-a-b-test-there-ad-creatives-for-higher-conversion-rate/?amp_validate=05d3f07def&amp_cache_bust=4189785196] processing tag .script src="https://cdn.ampproject.org/v0/amp-bind-0.1.js" async="" custom-element="amp-bind"../script.
[Sun, 13 Jan 2019 08:56:38 +0000] [/resources/5-awesome-ways-for-facebook-marketers-to-a-b-test-there-ad-creatives-for-higher-conversion-rate/?amp_validate=05d3f07def&amp_cache_bust=4189785196] [https://www.nbdigitech.com/resources/5-awesome-ways-for-facebook-marketers-to-a-b-test-there-ad-creatives-for-higher-conversion-rate/?amp_validate=05d3f07def&amp_cache_bust=4189785196] is_file_for_minification: external not whitelisted url https://cdn.ampproject.org/v0/amp-bind-0.1.js
[Sun, 13 Jan 2019 08:56:38 +0000] [/resources/5-awesome-ways-for-facebook-marketers-to-a-b-test-there-ad-creatives-for-higher-conversion-rate/?amp_validate=05d3f07def&amp_cache_bust=4189785196] [https://www.nbdigitech.com/resources/5-awesome-ways-for-facebook-marketers-to-a-b-test-there-ad-creatives-for-higher-conversion-rate/?amp_validate=05d3f07def&amp_cache_bust=4189785196] file  didnt pass minification check: file_for_min: false ignore_js_files: true
[Sun, 13 Jan 2019 08:56:38 +0000] [/resources/5-awesome-ways-for-facebook-marketers-to-a-b-test-there-ad-creatives-for-higher-conversion-rate/?amp_validate=05d3f07def&amp_cache_bust=4189785196] [https://www.nbdigitech.com/resources/5-awesome-ways-for-facebook-marketers-to-a-b-test-there-ad-creatives-for-higher-conversion-rate/?amp_validate=05d3f07def&amp_cache_bust=4189785196] processing tag .script src="https://cdn.ampproject.org/v0/amp-mustache-0.2.js" async="" custom-template="amp-mustache"../script.
[Sun, 13 Jan 2019 08:56:38 +0000] [/resources/5-awesome-ways-for-facebook-marketers-to-a-b-test-there-ad-creatives-for-higher-conversion-rate/?amp_validate=05d3f07def&amp_cache_bust=4189785196] [https://www.nbdigitech.com/resources/5-awesome-ways-for-facebook-marketers-to-a-b-test-there-ad-creatives-for-higher-conversion-rate/?amp_validate=05d3f07def&amp_cache_bust=4189785196] is_file_for_minification: external not whitelisted url https://cdn.ampproject.org/v0/amp-mustache-0.2.js
[Sun, 13 Jan 2019 08:56:38 +0000] [/resources/5-awesome-ways-for-facebook-marketers-to-a-b-test-there-ad-creatives-for-higher-conversion-rate/?amp_validate=05d3f07def&amp_cache_bust=4189785196] [https://www.nbdigitech.com/resources/5-awesome-ways-for-facebook-marketers-to-a-b-test-there-ad-creatives-for-higher-conversion-rate/?amp_validate=05d3f07def&amp_cache_bust=4189785196] file  didnt pass minification check: file_for_min: false ignore_js_files: true
[Sun, 13 Jan 2019 08:56:38 +0000] [/resources/5-awesome-ways-for-facebook-marketers-to-a-b-test-there-ad-creatives-for-higher-conversion-rate/?amp_validate=05d3f07def&amp_cache_bust=4189785196] [https://www.nbdigitech.com/resources/5-awesome-ways-for-facebook-marketers-to-a-b-test-there-ad-creatives-for-higher-conversion-rate/?amp_validate=05d3f07def&amp_cache_bust=4189785196] processing tag .script type="application/ld+json".{"@context":"https://schema.org","@type":"Organization","url":"https://www.nbdigitech.com/resources/","sameAs":["ht
[Sun, 13 Jan 2019 08:56:38 +0000] [/resources/5-awesome-ways-for-facebook-marketers-to-a-b-test-there-ad-creatives-for-higher-conversion-rate/?amp_validate=05d3f07def&amp_cache_bust=4189785196] [https://www.nbdigitech.com/resources/5-awesome-ways-for-facebook-marketers-to-a-b-test-there-ad-creatives-for-higher-conversion-rate/?amp_validate=05d3f07def&amp_cache_bust=4189785196] its not src=, flushing
[Sun, 13 Jan 2019 08:56:38 +0000] [/resources/5-awesome-ways-for-facebook-marketers-to-a-b-test-there-ad-creatives-for-higher-conversion-rate/?amp_validate=05d3f07def&amp_cache_bust=4189785196] [https://www.nbdigitech.com/resources/5-awesome-ways-for-facebook-marketers-to-a-b-test-there-ad-creatives-for-higher-conversion-rate/?amp_validate=05d3f07def&amp_cache_bust=4189785196] processing tag .script type="application/ld+json".{"@context":"https://schema.org","@type":"BreadcrumbList","itemListElement":[{"@type":"ListItem","position":1,"item
[Sun, 13 Jan 2019 08:56:38 +0000] [/resources/5-awesome-ways-for-facebook-marketers-to-a-b-test-there-ad-creatives-for-higher-conversion-rate/?amp_validate=05d3f07def&amp_cache_bust=4189785196] [https://www.nbdigitech.com/resources/5-awesome-ways-for-facebook-marketers-to-a-b-test-there-ad-creatives-for-higher-conversion-rate/?amp_validate=05d3f07def&amp_cache_bust=4189785196] its not src=, flushing
[Sun, 13 Jan 2019 08:56:38 +0000] [/resources/5-awesome-ways-for-facebook-marketers-to-a-b-test-there-ad-creatives-for-higher-conversion-rate/?amp_validate=05d3f07def&amp_cache_bust=4189785196] [https://www.nbdigitech.com/resources/5-awesome-ways-for-facebook-marketers-to-a-b-test-there-ad-creatives-for-higher-conversion-rate/?amp_validate=05d3f07def&amp_cache_bust=4189785196] processing tag ./head.
[Sun, 13 Jan 2019 08:56:38 +0000] [/resources/5-awesome-ways-for-facebook-marketers-to-a-b-test-there-ad-creatives-for-higher-conversion-rate/?amp_validate=05d3f07def&amp_cache_bust=4189785196] [https://www.nbdigitech.com/resources/5-awesome-ways-for-facebook-marketers-to-a-b-test-there-ad-creatives-for-higher-conversion-rate/?amp_validate=05d3f07def&amp_cache_bust=4189785196] its not src=, flushing
[Sun, 13 Jan 2019 08:56:38 +0000] [/resources/5-awesome-ways-for-facebook-marketers-to-a-b-test-there-ad-creatives-for-higher-conversion-rate/?amp_validate=05d3f07def&amp_cache_bust=4189785196] [https://www.nbdigitech.com/resources/5-awesome-ways-for-facebook-marketers-to-a-b-test-there-ad-creatives-for-higher-conversion-rate/?amp_validate=05d3f07def&amp_cache_bust=4189785196] processing tag .script type="application/json".{"values":{"submit":"Post Comment","comment_post_ID":"2147","comment_parent":"0","akismet_comment_nonce":"9735d61b19",
[Sun, 13 Jan 2019 08:56:38 +0000] [/resources/5-awesome-ways-for-facebook-marketers-to-a-b-test-there-ad-creatives-for-higher-conversion-rate/?amp_validate=05d3f07def&amp_cache_bust=4189785196] [https://www.nbdigitech.com/resources/5-awesome-ways-for-facebook-marketers-to-a-b-test-there-ad-creatives-for-higher-conversion-rate/?amp_validate=05d3f07def&amp_cache_bust=4189785196] its not src=, flushing
[Sun, 13 Jan 2019 08:56:38 +0000] [/resources/5-awesome-ways-for-facebook-marketers-to-a-b-test-there-ad-creatives-for-higher-conversion-rate/?amp_validate=05d3f07def&amp_cache_bust=4189785196] [https://www.nbdigitech.com/resources/5-awesome-ways-for-facebook-marketers-to-a-b-test-there-ad-creatives-for-higher-conversion-rate/?amp_validate=05d3f07def&amp_cache_bust=4189785196] adding https://fonts.googleapis.com/css?family=Noto+Serif%3A400%2C400i%2C700%2C700i&amp;ver=5.0.3
[Sun, 13 Jan 2019 08:56:38 +0000] [/resources/5-awesome-ways-for-facebook-marketers-to-a-b-test-there-ad-creatives-for-higher-conversion-rate/?amp_validate=05d3f07def&amp_cache_bust=4189785196] [https://www.nbdigitech.com/resources/5-awesome-ways-for-facebook-marketers-to-a-b-test-there-ad-creatives-for-higher-conversion-rate/?amp_validate=05d3f07def&amp_cache_bust=4189785196] is_file_for_minification: external not whitelisted url https://fonts.googleapis.com/css?family=Noto+Serif%3A400%2C400i%2C700%2C700i&amp;ver=5.0.3
[Sun, 13 Jan 2019 08:57:26 +0000] [/resources/5-awesome-ways-for-facebook-marketers-to-a-b-test-there-ad-creatives-for-higher-conversion-rate/?amp_validate=05d3f07def&amp_cache_bust=256562324] [https://www.nbdigitech.com/resources/5-awesome-ways-for-facebook-marketers-to-a-b-test-there-ad-creatives-for-higher-conversion-rate/?amp_validate=05d3f07def&amp_cache_bust=256562324] processing tag .script type="text/javascript" src="https://cdn.ampproject.org/v0.js" async../script.
[Sun, 13 Jan 2019 08:57:26 +0000] [/resources/5-awesome-ways-for-facebook-marketers-to-a-b-test-there-ad-creatives-for-higher-conversion-rate/?amp_validate=05d3f07def&amp_cache_bust=256562324] [https://www.nbdigitech.com/resources/5-awesome-ways-for-facebook-marketers-to-a-b-test-there-ad-creatives-for-higher-conversion-rate/?amp_validate=05d3f07def&amp_cache_bust=256562324] is_file_for_minification: external not whitelisted url https://cdn.ampproject.org/v0.js
[Sun, 13 Jan 2019 08:57:26 +0000] [/resources/5-awesome-ways-for-facebook-marketers-to-a-b-test-there-ad-creatives-for-higher-conversion-rate/?amp_validate=05d3f07def&amp_cache_bust=256562324] [https://www.nbdigitech.com/resources/5-awesome-ways-for-facebook-marketers-to-a-b-test-there-ad-creatives-for-higher-conversion-rate/?amp_validate=05d3f07def&amp_cache_bust=256562324] file  didnt pass minification check: file_for_min: false ignore_js_files: true
[Sun, 13 Jan 2019 08:57:26 +0000] [/resources/5-awesome-ways-for-facebook-marketers-to-a-b-test-there-ad-creatives-for-higher-conversion-rate/?amp_validate=05d3f07def&amp_cache_bust=256562324] [https://www.nbdigitech.com/resources/5-awesome-ways-for-facebook-marketers-to-a-b-test-there-ad-creatives-for-higher-conversion-rate/?amp_validate=05d3f07def&amp_cache_bust=256562324] processing tag .script src="https://cdn.ampproject.org/v0/amp-iframe-0.1.js" async="" custom-element="amp-iframe"../script.
[Sun, 13 Jan 2019 08:57:26 +0000] [/resources/5-awesome-ways-for-facebook-marketers-to-a-b-test-there-ad-creatives-for-higher-conversion-rate/?amp_validate=05d3f07def&amp_cache_bust=256562324] [https://www.nbdigitech.com/resources/5-awesome-ways-for-facebook-marketers-to-a-b-test-there-ad-creatives-for-higher-conversion-rate/?amp_validate=05d3f07def&amp_cache_bust=256562324] is_file_for_minification: external not whitelisted url https://cdn.ampproject.org/v0/amp-iframe-0.1.js
[Sun, 13 Jan 2019 08:57:26 +0000] [/resources/5-awesome-ways-for-facebook-marketers-to-a-b-test-there-ad-creatives-for-higher-conversion-rate/?amp_validate=05d3f07def&amp_cache_bust=256562324] [https://www.nbdigitech.com/resources/5-awesome-ways-for-facebook-marketers-to-a-b-test-there-ad-creatives-for-higher-conversion-rate/?amp_validate=05d3f07def&amp_cache_bust=256562324] file  didnt pass minification check: file_for_min: false ignore_js_files: true
[Sun, 13 Jan 2019 08:57:26 +0000] [/resources/5-awesome-ways-for-facebook-marketers-to-a-b-test-there-ad-creatives-for-higher-conversion-rate/?amp_validate=05d3f07def&amp_cache_bust=256562324] [https://www.nbdigitech.com/resources/5-awesome-ways-for-facebook-marketers-to-a-b-test-there-ad-creatives-for-higher-conversion-rate/?amp_validate=05d3f07def&amp_cache_bust=256562324] processing tag .script src="https://cdn.ampproject.org/v0/amp-form-0.1.js" async="" custom-element="amp-form"../script.
[Sun, 13 Jan 2019 08:57:26 +0000] [/resources/5-awesome-ways-for-facebook-marketers-to-a-b-test-there-ad-creatives-for-higher-conversion-rate/?amp_validate=05d3f07def&amp_cache_bust=256562324] [https://www.nbdigitech.com/resources/5-awesome-ways-for-facebook-marketers-to-a-b-test-there-ad-creatives-for-higher-conversion-rate/?amp_validate=05d3f07def&amp_cache_bust=256562324] is_file_for_minification: external not whitelisted url https://cdn.ampproject.org/v0/amp-form-0.1.js
[Sun, 13 Jan 2019 08:57:26 +0000] [/resources/5-awesome-ways-for-facebook-marketers-to-a-b-test-there-ad-creatives-for-higher-conversion-rate/?amp_validate=05d3f07def&amp_cache_bust=256562324] [https://www.nbdigitech.com/resources/5-awesome-ways-for-facebook-marketers-to-a-b-test-there-ad-creatives-for-higher-conversion-rate/?amp_validate=05d3f07def&amp_cache_bust=256562324] file  didnt pass minification check: file_for_min: false ignore_js_files: true
[Sun, 13 Jan 2019 08:57:26 +0000] [/resources/5-awesome-ways-for-facebook-marketers-to-a-b-test-there-ad-creatives-for-higher-conversion-rate/?amp_validate=05d3f07def&amp_cache_bust=256562324] [https://www.nbdigitech.com/resources/5-awesome-ways-for-facebook-marketers-to-a-b-test-there-ad-creatives-for-higher-conversion-rate/?amp_validate=05d3f07def&amp_cache_bust=256562324] processing tag .script src="https://cdn.ampproject.org/v0/amp-bind-0.1.js" async="" custom-element="amp-bind"../script.
[Sun, 13 Jan 2019 08:57:26 +0000] [/resources/5-awesome-ways-for-facebook-marketers-to-a-b-test-there-ad-creatives-for-higher-conversion-rate/?amp_validate=05d3f07def&amp_cache_bust=256562324] [https://www.nbdigitech.com/resources/5-awesome-ways-for-facebook-marketers-to-a-b-test-there-ad-creatives-for-higher-conversion-rate/?amp_validate=05d3f07def&amp_cache_bust=256562324] is_file_for_minification: external not whitelisted url https://cdn.ampproject.org/v0/amp-bind-0.1.js
[Sun, 13 Jan 2019 08:57:26 +0000] [/resources/5-awesome-ways-for-facebook-marketers-to-a-b-test-there-ad-creatives-for-higher-conversion-rate/?amp_validate=05d3f07def&amp_cache_bust=256562324] [https://www.nbdigitech.com/resources/5-awesome-ways-for-facebook-marketers-to-a-b-test-there-ad-creatives-for-higher-conversion-rate/?amp_validate=05d3f07def&amp_cache_bust=256562324] file  didnt pass minification check: file_for_min: false ignore_js_files: true
[Sun, 13 Jan 2019 08:57:26 +0000] [/resources/5-awesome-ways-for-facebook-marketers-to-a-b-test-there-ad-creatives-for-higher-conversion-rate/?amp_validate=05d3f07def&amp_cache_bust=256562324] [https://www.nbdigitech.com/resources/5-awesome-ways-for-facebook-marketers-to-a-b-test-there-ad-creatives-for-higher-conversion-rate/?amp_validate=05d3f07def&amp_cache_bust=256562324] processing tag .script src="https://cdn.ampproject.org/v0/amp-mustache-0.2.js" async="" custom-template="amp-mustache"../script.
[Sun, 13 Jan 2019 08:57:26 +0000] [/resources/5-awesome-ways-for-facebook-marketers-to-a-b-test-there-ad-creatives-for-higher-conversion-rate/?amp_validate=05d3f07def&amp_cache_bust=256562324] [https://www.nbdigitech.com/resources/5-awesome-ways-for-facebook-marketers-to-a-b-test-there-ad-creatives-for-higher-conversion-rate/?amp_validate=05d3f07def&amp_cache_bust=256562324] is_file_for_minification: external not whitelisted url https://cdn.ampproject.org/v0/amp-mustache-0.2.js
[Sun, 13 Jan 2019 08:57:26 +0000] [/resources/5-awesome-ways-for-facebook-marketers-to-a-b-test-there-ad-creatives-for-higher-conversion-rate/?amp_validate=05d3f07def&amp_cache_bust=256562324] [https://www.nbdigitech.com/resources/5-awesome-ways-for-facebook-marketers-to-a-b-test-there-ad-creatives-for-higher-conversion-rate/?amp_validate=05d3f07def&amp_cache_bust=256562324] file  didnt pass minification check: file_for_min: false ignore_js_files: true
[Sun, 13 Jan 2019 08:57:26 +0000] [/resources/5-awesome-ways-for-facebook-marketers-to-a-b-test-there-ad-creatives-for-higher-conversion-rate/?amp_validate=05d3f07def&amp_cache_bust=256562324] [https://www.nbdigitech.com/resources/5-awesome-ways-for-facebook-marketers-to-a-b-test-there-ad-creatives-for-higher-conversion-rate/?amp_validate=05d3f07def&amp_cache_bust=256562324] processing tag .script type="application/ld+json".{"@context":"https://schema.org","@type":"Organization","url":"https://www.nbdigitech.com/resources/","sameAs":["ht
[Sun, 13 Jan 2019 08:57:26 +0000] [/resources/5-awesome-ways-for-facebook-marketers-to-a-b-test-there-ad-creatives-for-higher-conversion-rate/?amp_validate=05d3f07def&amp_cache_bust=256562324] [https://www.nbdigitech.com/resources/5-awesome-ways-for-facebook-marketers-to-a-b-test-there-ad-creatives-for-higher-conversion-rate/?amp_validate=05d3f07def&amp_cache_bust=256562324] its not src=, flushing
[Sun, 13 Jan 2019 08:57:26 +0000] [/resources/5-awesome-ways-for-facebook-marketers-to-a-b-test-there-ad-creatives-for-higher-conversion-rate/?amp_validate=05d3f07def&amp_cache_bust=256562324] [https://www.nbdigitech.com/resources/5-awesome-ways-for-facebook-marketers-to-a-b-test-there-ad-creatives-for-higher-conversion-rate/?amp_validate=05d3f07def&amp_cache_bust=256562324] processing tag .script type="application/ld+json".{"@context":"https://schema.org","@type":"BreadcrumbList","itemListElement":[{"@type":"ListItem","position":1,"item
[Sun, 13 Jan 2019 08:57:26 +0000] [/resources/5-awesome-ways-for-facebook-marketers-to-a-b-test-there-ad-creatives-for-higher-conversion-rate/?amp_validate=05d3f07def&amp_cache_bust=256562324] [https://www.nbdigitech.com/resources/5-awesome-ways-for-facebook-marketers-to-a-b-test-there-ad-creatives-for-higher-conversion-rate/?amp_validate=05d3f07def&amp_cache_bust=256562324] its not src=, flushing
[Sun, 13 Jan 2019 08:57:26 +0000] [/resources/5-awesome-ways-for-facebook-marketers-to-a-b-test-there-ad-creatives-for-higher-conversion-rate/?amp_validate=05d3f07def&amp_cache_bust=256562324] [https://www.nbdigitech.com/resources/5-awesome-ways-for-facebook-marketers-to-a-b-test-there-ad-creatives-for-higher-conversion-rate/?amp_validate=05d3f07def&amp_cache_bust=256562324] processing tag ./head.
[Sun, 13 Jan 2019 08:57:26 +0000] [/resources/5-awesome-ways-for-facebook-marketers-to-a-b-test-there-ad-creatives-for-higher-conversion-rate/?amp_validate=05d3f07def&amp_cache_bust=256562324] [https://www.nbdigitech.com/resources/5-awesome-ways-for-facebook-marketers-to-a-b-test-there-ad-creatives-for-higher-conversion-rate/?amp_validate=05d3f07def&amp_cache_bust=256562324] its not src=, flushing
[Sun, 13 Jan 2019 08:57:26 +0000] [/resources/5-awesome-ways-for-facebook-marketers-to-a-b-test-there-ad-creatives-for-higher-conversion-rate/?amp_validate=05d3f07def&amp_cache_bust=256562324] [https://www.nbdigitech.com/resources/5-awesome-ways-for-facebook-marketers-to-a-b-test-there-ad-creatives-for-higher-conversion-rate/?amp_validate=05d3f07def&amp_cache_bust=256562324] processing tag .script type="application/json".{"values":{"submit":"Post Comment","comment_post_ID":"2147","comment_parent":"0","akismet_comment_nonce":"9735d61b19",
[Sun, 13 Jan 2019 08:57:26 +0000] [/resources/5-awesome-ways-for-facebook-marketers-to-a-b-test-there-ad-creatives-for-higher-conversion-rate/?amp_validate=05d3f07def&amp_cache_bust=256562324] [https://www.nbdigitech.com/resources/5-awesome-ways-for-facebook-marketers-to-a-b-test-there-ad-creatives-for-higher-conversion-rate/?amp_validate=05d3f07def&amp_cache_bust=256562324] its not src=, flushing
[Sun, 13 Jan 2019 08:57:26 +0000] [/resources/5-awesome-ways-for-facebook-marketers-to-a-b-test-there-ad-creatives-for-higher-conversion-rate/?amp_validate=05d3f07def&amp_cache_bust=256562324] [https://www.nbdigitech.com/resources/5-awesome-ways-for-facebook-marketers-to-a-b-test-there-ad-creatives-for-higher-conversion-rate/?amp_validate=05d3f07def&amp_cache_bust=256562324] adding https://fonts.googleapis.com/css?family=Noto+Serif%3A400%2C400i%2C700%2C700i&amp;ver=5.0.3
[Sun, 13 Jan 2019 08:57:26 +0000] [/resources/5-awesome-ways-for-facebook-marketers-to-a-b-test-there-ad-creatives-for-higher-conversion-rate/?amp_validate=05d3f07def&amp_cache_bust=256562324] [https://www.nbdigitech.com/resources/5-awesome-ways-for-facebook-marketers-to-a-b-test-there-ad-creatives-for-higher-conversion-rate/?amp_validate=05d3f07def&amp_cache_bust=256562324] is_file_for_minification: external not whitelisted url https://fonts.googleapis.com/css?family=Noto+Serif%3A400%2C400i%2C700%2C700i&amp;ver=5.0.3
[Sun, 13 Jan 2019 08:57:27 +0000] [/resources/?ao_speedup_cachebuster=69118] [https://www.nbdigitech.com/resources/?ao_speedup_cachebuster=69118] processing tag .script type="text/javascript" src="https://cdn.ampproject.org/v0.js" async../script.
[Sun, 13 Jan 2019 08:57:27 +0000] [/resources/?ao_speedup_cachebuster=69118] [https://www.nbdigitech.com/resources/?ao_speedup_cachebuster=69118] is_file_for_minification: external not whitelisted url https://cdn.ampproject.org/v0.js
[Sun, 13 Jan 2019 08:57:27 +0000] [/resources/?ao_speedup_cachebuster=69118] [https://www.nbdigitech.com/resources/?ao_speedup_cachebuster=69118] file  didnt pass minification check: file_for_min: false ignore_js_files: true
[Sun, 13 Jan 2019 08:57:27 +0000] [/resources/?ao_speedup_cachebuster=69118] [https://www.nbdigitech.com/resources/?ao_speedup_cachebuster=69118] processing tag .script src="https://cdn.ampproject.org/v0/amp-iframe-0.1.js" async="" custom-element="amp-iframe"../script.
[Sun, 13 Jan 2019 08:57:27 +0000] [/resources/?ao_speedup_cachebuster=69118] [https://www.nbdigitech.com/resources/?ao_speedup_cachebuster=69118] is_file_for_minification: external not whitelisted url https://cdn.ampproject.org/v0/amp-iframe-0.1.js
[Sun, 13 Jan 2019 08:57:27 +0000] [/resources/?ao_speedup_cachebuster=69118] [https://www.nbdigitech.com/resources/?ao_speedup_cachebuster=69118] file  didnt pass minification check: file_for_min: false ignore_js_files: true
[Sun, 13 Jan 2019 08:57:27 +0000] [/resources/?ao_speedup_cachebuster=69118] [https://www.nbdigitech.com/resources/?ao_speedup_cachebuster=69118] processing tag .script src="https://cdn.ampproject.org/v0/amp-form-0.1.js" async="" custom-element="amp-form"../script.
[Sun, 13 Jan 2019 08:57:27 +0000] [/resources/?ao_speedup_cachebuster=69118] [https://www.nbdigitech.com/resources/?ao_speedup_cachebuster=69118] is_file_for_minification: external not whitelisted url https://cdn.ampproject.org/v0/amp-form-0.1.js
[Sun, 13 Jan 2019 08:57:27 +0000] [/resources/?ao_speedup_cachebuster=69118] [https://www.nbdigitech.com/resources/?ao_speedup_cachebuster=69118] file  didnt pass minification check: file_for_min: false ignore_js_files: true
[Sun, 13 Jan 2019 08:57:27 +0000] [/resources/?ao_speedup_cachebuster=69118] [https://www.nbdigitech.com/resources/?ao_speedup_cachebuster=69118] processing tag .script type="application/ld+json".{"@context":"https://schema.org","@type":"WebSite","@id":"https://www.nbdigitech.com/resources/#website","url":"htt
[Sun, 13 Jan 2019 08:57:27 +0000] [/resources/?ao_speedup_cachebuster=69118] [https://www.nbdigitech.com/resources/?ao_speedup_cachebuster=69118] its not src=, flushing
[Sun, 13 Jan 2019 08:57:27 +0000] [/resources/?ao_speedup_cachebuster=69118] [https://www.nbdigitech.com/resources/?ao_speedup_cachebuster=69118] processing tag .script type="application/ld+json".{"@context":"https://schema.org","@type":"Organization","url":"https://www.nbdigitech.com/resources/","sameAs":["ht
[Sun, 13 Jan 2019 08:57:27 +0000] [/resources/?ao_speedup_cachebuster=69118] [https://www.nbdigitech.com/resources/?ao_speedup_cachebuster=69118] its not src=, flushing
[Sun, 13 Jan 2019 08:57:27 +0000] [/resources/?ao_speedup_cachebuster=69118] [https://www.nbdigitech.com/resources/?ao_speedup_cachebuster=69118] processing tag ./head.
[Sun, 13 Jan 2019 08:57:27 +0000] [/resources/?ao_speedup_cachebuster=69118] [https://www.nbdigitech.com/resources/?ao_speedup_cachebuster=69118] its not src=, flushing
[Sun, 13 Jan 2019 08:57:27 +0000] [/resources/?ao_speedup_cachebuster=69118] [https://www.nbdigitech.com/resources/?ao_speedup_cachebuster=69118] adding https://fonts.googleapis.com/css?family=Noto+Serif%3A400%2C400i%2C700%2C700i&amp;ver=5.0.3
[Sun, 13 Jan 2019 08:57:27 +0000] [/resources/?ao_speedup_cachebuster=69118] [https://www.nbdigitech.com/resources/?ao_speedup_cachebuster=69118] is_file_for_minification: external not whitelisted url https://fonts.googleapis.com/css?family=Noto+Serif%3A400%2C400i%2C700%2C700i&amp;ver=5.0.3
