[Sun, 13 Jan 2019 08:43:14 +0000] [/resources/wp-admin/admin.php?page=w3tc_general&w3tc_message=5c3afa226bf85] [https://www.nbdigitech.com/resources/wp-admin/admin.php?page=w3tc_general&w3tc_message=5c3afa050194c&w3tc_note=flush_pgcache] skip processing because of generic constant
[Sun, 13 Jan 2019 08:43:14 +0000] [/resources/wp-content/cache/minify/1624722617w3tc_rewrite_test.css] [https://www.nbdigitech.com/resources/wp-content/cache/minify/1624722617w3tc_rewrite_test.css] start, can_cache: false
[Sun, 13 Jan 2019 08:43:14 +0000] [/resources/w3tc_rewrite_test1415907815] [https://www.nbdigitech.com/resources/w3tc_rewrite_test1415907815] start, can_cache: false
[Sun, 13 Jan 2019 08:43:32 +0000] [/resources/wp-admin/admin.php?page=w3tc_general] [https://www.nbdigitech.com/resources/wp-admin/admin.php?page=w3tc_general&w3tc_message=5c3afa226bf85] skip processing because of generic constant
[Sun, 13 Jan 2019 08:43:32 +0000] [/resources/wp-admin/admin.php?page=w3tc_general&w3tc_message=5c3afa34365ce] [https://www.nbdigitech.com/resources/wp-admin/admin.php?page=w3tc_general&w3tc_message=5c3afa226bf85] skip processing because of generic constant
[Sun, 13 Jan 2019 08:43:32 +0000] [/resources/wp-content/cache/minify/1700727824w3tc_rewrite_test.css] [https://www.nbdigitech.com/resources/wp-content/cache/minify/1700727824w3tc_rewrite_test.css] start, can_cache: false
[Sun, 13 Jan 2019 08:43:32 +0000] [/resources/w3tc_rewrite_test1482013042] [https://www.nbdigitech.com/resources/w3tc_rewrite_test1482013042] start, can_cache: false
[Sun, 13 Jan 2019 08:43:35 +0000] [/resources/wp-admin/admin.php?page=w3tc_general] [https://www.nbdigitech.com/resources/wp-admin/admin.php?page=w3tc_general&w3tc_message=5c3afa34365ce] skip processing because of generic constant
[Sun, 13 Jan 2019 08:43:35 +0000] [/resources/wp-admin/admin.php?page=w3tc_general&w3tc_message=5c3afa37bea3a] [https://www.nbdigitech.com/resources/wp-admin/admin.php?page=w3tc_general&w3tc_message=5c3afa34365ce] skip processing because of generic constant
[Sun, 13 Jan 2019 08:43:35 +0000] [/resources/wp-content/cache/minify/1648451554w3tc_rewrite_test.css] [https://www.nbdigitech.com/resources/wp-content/cache/minify/1648451554w3tc_rewrite_test.css] start, can_cache: false
[Sun, 13 Jan 2019 08:43:35 +0000] [/resources/w3tc_rewrite_test1643945980] [https://www.nbdigitech.com/resources/w3tc_rewrite_test1643945980] start, can_cache: false
[Sun, 13 Jan 2019 08:44:36 +0000] [/resources/wp-admin/admin-ajax.php] [https://www.nbdigitech.com/resources/wp-admin/admin.php?page=w3tc_general&w3tc_message=5c3afa37bea3a] skip processing because of generic constant
[Sun, 13 Jan 2019 08:44:36 +0000] [/resources/wp-cron.php?doing_wp_cron=1547369076.8068840503692626953125] [https://www.nbdigitech.com/resources/wp-cron.php?doing_wp_cron=1547369076.8068840503692626953125] skip processing because of generic constant
[Sun, 13 Jan 2019 08:44:38 +0000] [/resources/sitemap_index.xml] [-] start, can_cache: true
[Sun, 13 Jan 2019 08:44:38 +0000] [/resources/sitemap_index.xml] [-] no cache entry for www.nbdigitech.com/resources/sitemap_index.xml/_index_ssl.html
[Sun, 13 Jan 2019 08:44:38 +0000] [/resources/sitemap_index.xml] [-] storing cached page: true original  true reason 
[Sun, 13 Jan 2019 08:45:36 +0000] [/resources/wp-admin/admin-ajax.php] [https://www.nbdigitech.com/resources/wp-admin/admin.php?page=w3tc_general&w3tc_message=5c3afa37bea3a] skip processing because of generic constant
[Sun, 13 Jan 2019 08:45:49 +0000] [/resources/wp-admin/admin.php?page=w3tc_objectcache] [https://www.nbdigitech.com/resources/wp-admin/admin.php?page=w3tc_general&w3tc_message=5c3afa37bea3a] skip processing because of generic constant
[Sun, 13 Jan 2019 08:45:51 +0000] [/resources/wp-content/cache/minify/702560271w3tc_rewrite_test.css] [https://www.nbdigitech.com/resources/wp-content/cache/minify/702560271w3tc_rewrite_test.css] start, can_cache: false
[Sun, 13 Jan 2019 08:45:51 +0000] [/resources/w3tc_rewrite_test1925364358] [https://www.nbdigitech.com/resources/w3tc_rewrite_test1925364358] start, can_cache: false
[Sun, 13 Jan 2019 08:46:19 +0000] [/resources/5-awesome-ways-for-facebook-marketers-to-a-b-test-there-ad-creatives-for-higher-conversion-rate/amp/] [-] start, can_cache: true
[Sun, 13 Jan 2019 08:46:19 +0000] [/resources/5-awesome-ways-for-facebook-marketers-to-a-b-test-there-ad-creatives-for-higher-conversion-rate/amp/] [-] no cache entry for www.nbdigitech.com/resources/5-awesome-ways-for-facebook-marketers-to-a-b-test-there-ad-creatives-for-higher-conversion-rate/amp/_index_ssl.html
[Sun, 13 Jan 2019 08:46:19 +0000] [/resources/5-awesome-ways-for-facebook-marketers-to-a-b-test-there-ad-creatives-for-higher-conversion-rate/amp/] [-] storing cached page: true original  true reason 
[Sun, 13 Jan 2019 08:46:20 +0000] [/resources/5-awesome-ways-for-facebook-marketers-to-a-b-test-there-ad-creatives-for-higher-conversion-rate/] [-] start, can_cache: true
[Sun, 13 Jan 2019 08:46:20 +0000] [/resources/5-awesome-ways-for-facebook-marketers-to-a-b-test-there-ad-creatives-for-higher-conversion-rate/] [-] no cache entry for www.nbdigitech.com/resources/5-awesome-ways-for-facebook-marketers-to-a-b-test-there-ad-creatives-for-higher-conversion-rate/_index_ssl.html
[Sun, 13 Jan 2019 08:46:22 +0000] [/resources/5-awesome-ways-for-facebook-marketers-to-a-b-test-there-ad-creatives-for-higher-conversion-rate/] [-] storing cached page: true original  true reason 
[Sun, 13 Jan 2019 08:46:22 +0000] [/resources/5-awesome-ways-for-facebook-marketers-to-a-b-test-there-ad-creatives-for-higher-conversion-rate/amp/] [-] start, can_cache: true
[Sun, 13 Jan 2019 08:46:22 +0000] [/resources/5-awesome-ways-for-facebook-marketers-to-a-b-test-there-ad-creatives-for-higher-conversion-rate/amp/] [-] no cache entry for www.nbdigitech.com/resources/5-awesome-ways-for-facebook-marketers-to-a-b-test-there-ad-creatives-for-higher-conversion-rate/amp/_index_ssl.html
[Sun, 13 Jan 2019 08:46:22 +0000] [/resources/5-awesome-ways-for-facebook-marketers-to-a-b-test-there-ad-creatives-for-higher-conversion-rate/amp/] [-] storing cached page: true original  true reason 
[Sun, 13 Jan 2019 08:46:24 +0000] [/resources/5-awesome-ways-for-facebook-marketers-to-a-b-test-there-ad-creatives-for-higher-conversion-rate/] [-] start, can_cache: true
[Sun, 13 Jan 2019 08:46:36 +0000] [/resources/wp-admin/index.php] [https://www.nbdigitech.com/resources/wp-admin/admin.php?page=w3tc_objectcache] skip processing because of generic constant
[Sun, 13 Jan 2019 08:46:37 +0000] [/resources/wp-json/yoast/v1/statistics] [https://www.nbdigitech.com/resources/wp-admin/index.php] start, can_cache: false
[Sun, 13 Jan 2019 08:46:37 +0000] [/resources/wp-json/yoast/v1/ryte] [https://www.nbdigitech.com/resources/wp-admin/index.php] start, can_cache: false
[Sun, 13 Jan 2019 08:46:37 +0000] [/resources/wp-json/yoast/v1/ryte] [https://www.nbdigitech.com/resources/wp-admin/index.php] storing cached page: false original false reason User is logged in
[Sun, 13 Jan 2019 08:46:37 +0000] [/resources/wp-json/yoast/v1/statistics] [https://www.nbdigitech.com/resources/wp-admin/index.php] storing cached page: false original false reason User is logged in
[Sun, 13 Jan 2019 08:46:53 +0000] [/resources/wp-admin/admin.php?page=amp-options] [https://www.nbdigitech.com/resources/wp-admin/index.php] skip processing because of generic constant
[Sun, 13 Jan 2019 08:47:19 +0000] [/resources/wp-admin/admin-ajax.php?action=autoptimize_delete_cache&nonce=13aa67ff58&_=1547369209810] [https://www.nbdigitech.com/resources/wp-admin/admin.php?page=amp-options] skip processing because of generic constant
[Sun, 13 Jan 2019 08:47:19 +0000] [/resources/?ao_speedup_cachebuster=53124] [https://www.nbdigitech.com/resources/?ao_speedup_cachebuster=53124] start, can_cache: false
[Sun, 13 Jan 2019 08:47:20 +0000] [/resources/?ao_speedup_cachebuster=53124] [https://www.nbdigitech.com/resources/?ao_speedup_cachebuster=53124] storing cached page: false original false reason Requested URI contains query
[Sun, 13 Jan 2019 08:47:20 +0000] [/resources/?ao_speedup_cachebuster=57883] [https://www.nbdigitech.com/resources/?ao_speedup_cachebuster=57883] start, can_cache: false
[Sun, 13 Jan 2019 08:47:20 +0000] [/resources/?ao_speedup_cachebuster=57883] [https://www.nbdigitech.com/resources/?ao_speedup_cachebuster=57883] storing cached page: false original false reason Requested URI contains query
[Sun, 13 Jan 2019 08:47:20 +0000] [/resources/wp-admin/admin-ajax.php?action=autoptimize_delete_cache&nonce=13aa67ff58&_=1547369209810] [https://www.nbdigitech.com/resources/wp-admin/admin.php?page=amp-options] flush all
[Sun, 13 Jan 2019 08:47:33 +0000] [/resources/wp-admin/admin.php?page=wpseo_titles] [https://www.nbdigitech.com/resources/wp-admin/admin.php?page=amp-options] skip processing because of generic constant
[Sun, 13 Jan 2019 08:48:35 +0000] [/resources/wp-admin/admin-ajax.php] [https://www.nbdigitech.com/resources/wp-admin/admin.php?page=wpseo_titles] skip processing because of generic constant
[Sun, 13 Jan 2019 08:48:38 +0000] [/resources/wp-admin/index.php] [https://www.nbdigitech.com/resources/wp-admin/admin.php?page=wpseo_titles] skip processing because of generic constant
[Sun, 13 Jan 2019 08:48:38 +0000] [/resources/wp-json/yoast/v1/statistics] [https://www.nbdigitech.com/resources/wp-admin/index.php] start, can_cache: false
[Sun, 13 Jan 2019 08:48:38 +0000] [/resources/wp-json/yoast/v1/ryte] [https://www.nbdigitech.com/resources/wp-admin/index.php] start, can_cache: false
[Sun, 13 Jan 2019 08:48:38 +0000] [/resources/wp-json/yoast/v1/ryte] [https://www.nbdigitech.com/resources/wp-admin/index.php] storing cached page: false original false reason User is logged in
[Sun, 13 Jan 2019 08:48:38 +0000] [/resources/wp-json/yoast/v1/statistics] [https://www.nbdigitech.com/resources/wp-admin/index.php] storing cached page: false original false reason User is logged in
[Sun, 13 Jan 2019 08:48:42 +0000] [/resources/wp-admin/edit.php?post_type=amp_validated_url&amp_validation_error_status%5B0%5D=0&amp_validation_error_status%5B1%5D=1] [https://www.nbdigitech.com/resources/wp-admin/index.php] skip processing because of generic constant
[Sun, 13 Jan 2019 08:48:43 +0000] [/resources/wp-admin/admin-ajax.php] [https://www.nbdigitech.com/resources/wp-admin/edit.php?post_type=amp_validated_url&amp_validation_error_status%5B0%5D=0&amp_validation_error_status%5B1%5D=1] skip processing because of generic constant
[Sun, 13 Jan 2019 08:48:57 +0000] [/resources/wp-admin/post.php?post=2156&action=edit] [https://www.nbdigitech.com/resources/wp-admin/edit.php?post_type=amp_validated_url&amp_validation_error_status%5B0%5D=0&amp_validation_error_status%5B1%5D=1] skip processing because of generic constant
[Sun, 13 Jan 2019 08:48:57 +0000] [/resources/wp-admin/admin-ajax.php] [https://www.nbdigitech.com/resources/wp-admin/post.php?post=2156&action=edit] skip processing because of generic constant
[Sun, 13 Jan 2019 08:49:08 +0000] [/resources/digital-marketers/] [https://www.nbdigitech.com/resources/5-awesome-ways-for-facebook-marketers-to-a-b-test-there-ad-creatives-for-higher-conversion-rate/] start, can_cache: false
[Sun, 13 Jan 2019 08:49:09 +0000] [/resources/digital-marketers/] [https://www.nbdigitech.com/resources/5-awesome-ways-for-facebook-marketers-to-a-b-test-there-ad-creatives-for-higher-conversion-rate/] storing cached page: false original false reason User is logged in
[Sun, 13 Jan 2019 08:49:13 +0000] [/resources/wp-admin/admin-ajax.php] [https://www.nbdigitech.com/resources/wp-admin/post.php?post=2156&action=edit] skip processing because of generic constant
[Sun, 13 Jan 2019 08:49:26 +0000] [/resources/digital-marketers/] [https://www.nbdigitech.com/resources/5-awesome-ways-for-facebook-marketers-to-a-b-test-there-ad-creatives-for-higher-conversion-rate/] start, can_cache: false
[Sun, 13 Jan 2019 08:49:26 +0000] [/resources/digital-marketers/] [https://www.nbdigitech.com/resources/5-awesome-ways-for-facebook-marketers-to-a-b-test-there-ad-creatives-for-higher-conversion-rate/] storing cached page: false original false reason User is logged in
[Sun, 13 Jan 2019 08:49:45 +0000] [/resources/digital-marketers/] [https://www.nbdigitech.com/resources/digital-marketers/] start, can_cache: false
[Sun, 13 Jan 2019 08:49:45 +0000] [/resources/digital-marketers/] [https://www.nbdigitech.com/resources/digital-marketers/] storing cached page: false original false reason User is logged in
[Sun, 13 Jan 2019 08:49:58 +0000] [/resources/wp-admin/?action=amp_validate&url=https%3A%2F%2Fwww.nbdigitech.com%2Fresources%2Fdigital-marketers%2F&_wpnonce=3fa86725df] [https://www.nbdigitech.com/resources/digital-marketers/] skip processing because of generic constant
[Sun, 13 Jan 2019 08:50:00 +0000] [/resources/digital-marketers/?amp_validate=05d3f07def&amp_cache_bust=3402011650] [https://www.nbdigitech.com/resources/digital-marketers/?amp_validate=05d3f07def&amp_cache_bust=3402011650] start, can_cache: false
[Sun, 13 Jan 2019 08:50:02 +0000] [/resources/digital-marketers/?amp_validate=05d3f07def&amp_cache_bust=3402011650] [https://www.nbdigitech.com/resources/digital-marketers/?amp_validate=05d3f07def&amp_cache_bust=3402011650] storing cached page: false original false reason Requested URI contains query
[Sun, 13 Jan 2019 08:50:03 +0000] [/resources/wp-admin/?action=amp_validate&url=https%3A%2F%2Fwww.nbdigitech.com%2Fresources%2Fdigital-marketers%2F&_wpnonce=3fa86725df] [https://www.nbdigitech.com/resources/digital-marketers/] pgcache flush 10 urls
[Sun, 13 Jan 2019 08:50:03 +0000] [/resources/wp-admin/post.php?post=2158&action=edit&amp_urls_tested=1&amp_remaining_errors=0] [https://www.nbdigitech.com/resources/digital-marketers/] skip processing because of generic constant
[Sun, 13 Jan 2019 08:50:04 +0000] [/resources/wp-admin/admin-ajax.php] [https://www.nbdigitech.com/resources/wp-admin/post.php?post=2158&action=edit] skip processing because of generic constant
[Sun, 13 Jan 2019 08:50:19 +0000] [/resources/wp-admin/admin-ajax.php] [https://www.nbdigitech.com/resources/wp-admin/post.php?post=2158&action=edit] skip processing because of generic constant
[Sun, 13 Jan 2019 08:50:34 +0000] [/resources/wp-admin/admin-ajax.php] [https://www.nbdigitech.com/resources/wp-admin/post.php?post=2158&action=edit] skip processing because of generic constant
[Sun, 13 Jan 2019 08:50:39 +0000] [/resources/wp-admin/post.php] [https://www.nbdigitech.com/resources/wp-admin/post.php?post=2158&action=edit] skip processing because of generic constant
[Sun, 13 Jan 2019 08:50:39 +0000] [/resources/?ao_speedup_cachebuster=78556] [https://www.nbdigitech.com/resources/?ao_speedup_cachebuster=78556] start, can_cache: false
[Sun, 13 Jan 2019 08:50:40 +0000] [/resources/?ao_speedup_cachebuster=78556] [https://www.nbdigitech.com/resources/?ao_speedup_cachebuster=78556] storing cached page: false original false reason Requested URI contains query
[Sun, 13 Jan 2019 08:50:40 +0000] [/resources/digital-marketers/?amp_validate=05d3f07def&amp_cache_bust=13990776] [https://www.nbdigitech.com/resources/digital-marketers/?amp_validate=05d3f07def&amp_cache_bust=13990776] start, can_cache: false
[Sun, 13 Jan 2019 08:50:42 +0000] [/resources/digital-marketers/?amp_validate=05d3f07def&amp_cache_bust=13990776] [https://www.nbdigitech.com/resources/digital-marketers/?amp_validate=05d3f07def&amp_cache_bust=13990776] storing cached page: false original false reason Requested URI contains query
[Sun, 13 Jan 2019 08:50:42 +0000] [/resources/wp-admin/post.php] [https://www.nbdigitech.com/resources/wp-admin/post.php?post=2158&action=edit] flush all
[Sun, 13 Jan 2019 08:50:42 +0000] [/resources/wp-admin/post.php?post=2158&action=edit&amp_taxonomy_terms_updated=1&amp_remaining_errors=0] [https://www.nbdigitech.com/resources/wp-admin/post.php?post=2158&action=edit] skip processing because of generic constant
[Sun, 13 Jan 2019 08:50:43 +0000] [/resources/wp-admin/admin-ajax.php] [https://www.nbdigitech.com/resources/wp-admin/post.php?post=2158&action=edit] skip processing because of generic constant
[Sun, 13 Jan 2019 08:50:58 +0000] [/resources/wp-admin/admin-ajax.php] [https://www.nbdigitech.com/resources/wp-admin/post.php?post=2158&action=edit] skip processing because of generic constant
[Sun, 13 Jan 2019 08:51:00 +0000] [/resources/wp-admin/admin.php?page=amp-analytics-options] [https://www.nbdigitech.com/resources/wp-admin/post.php?post=2158&action=edit] skip processing because of generic constant
[Sun, 13 Jan 2019 08:51:00 +0000] [/resources/wp-admin/admin-ajax.php] [https://www.nbdigitech.com/resources/wp-admin/post.php?post=2158&action=edit] skip processing because of generic constant
[Sun, 13 Jan 2019 08:51:15 +0000] [/resources/wp-admin/admin-ajax.php] [https://www.nbdigitech.com/resources/wp-admin/post.php?post=2156&action=edit] skip processing because of generic constant
[Sun, 13 Jan 2019 08:51:26 +0000] [/resources/video-content-production/] [-] start, can_cache: true
[Sun, 13 Jan 2019 08:51:26 +0000] [/resources/video-content-production/] [-] no cache entry for www.nbdigitech.com/resources/video-content-production/_index_ssl.html
[Sun, 13 Jan 2019 08:51:27 +0000] [/resources/video-content-production/] [-] storing cached page: true original  true reason 
[Sun, 13 Jan 2019 08:52:02 +0000] [/resources/wp-admin/admin-ajax.php] [https://www.nbdigitech.com/resources/wp-admin/admin.php?page=amp-analytics-options] skip processing because of generic constant
[Sun, 13 Jan 2019 08:53:16 +0000] [/resources/wp-admin/admin-ajax.php] [https://www.nbdigitech.com/resources/wp-admin/post.php?post=2156&action=edit] skip processing because of generic constant
[Sun, 13 Jan 2019 08:54:03 +0000] [/resources/wp-admin/admin-ajax.php] [https://www.nbdigitech.com/resources/wp-admin/admin.php?page=amp-analytics-options] skip processing because of generic constant
[Sun, 13 Jan 2019 08:55:14 +0000] [/resources/wp-admin/admin-ajax.php] [https://www.nbdigitech.com/resources/wp-admin/admin.php?page=amp-analytics-options] skip processing because of generic constant
[Sun, 13 Jan 2019 08:55:15 +0000] [/resources/wp-cron.php?doing_wp_cron=1547369714.5670650005340576171875] [https://www.nbdigitech.com/resources/wp-cron.php?doing_wp_cron=1547369714.5670650005340576171875] skip processing because of generic constant
[Sun, 13 Jan 2019 08:55:16 +0000] [/resources/sitemap_index.xml] [-] start, can_cache: true
[Sun, 13 Jan 2019 08:55:16 +0000] [/resources/sitemap_index.xml] [-] no cache entry for www.nbdigitech.com/resources/sitemap_index.xml/_index_ssl.html
[Sun, 13 Jan 2019 08:55:16 +0000] [/resources/sitemap_index.xml] [-] storing cached page: true original  true reason 
[Sun, 13 Jan 2019 08:55:16 +0000] [/resources/wp-admin/admin-ajax.php] [https://www.nbdigitech.com/resources/wp-admin/post.php?post=2156&action=edit] skip processing because of generic constant
[Sun, 13 Jan 2019 08:55:27 +0000] [/resources/wp-admin/admin.php?page=amp-options] [https://www.nbdigitech.com/resources/wp-admin/admin.php?page=amp-analytics-options] skip processing because of generic constant
[Sun, 13 Jan 2019 08:55:38 +0000] [/resources/wp-admin/index.php] [https://www.nbdigitech.com/resources/wp-admin/admin.php?page=amp-options] skip processing because of generic constant
[Sun, 13 Jan 2019 08:55:39 +0000] [/resources/wp-json/wp/v2/] [https://www.nbdigitech.com/resources/wp-admin/index.php] start, can_cache: false
[Sun, 13 Jan 2019 08:55:39 +0000] [/resources/wp-json/wp/v2/] [https://www.nbdigitech.com/resources/wp-admin/index.php] storing cached page: false original false reason User is logged in
[Sun, 13 Jan 2019 08:55:39 +0000] [/resources/wp-json/yoast/v1/statistics] [https://www.nbdigitech.com/resources/wp-admin/index.php] start, can_cache: false
[Sun, 13 Jan 2019 08:55:39 +0000] [/resources/wp-json/yoast/v1/ryte] [https://www.nbdigitech.com/resources/wp-admin/index.php] start, can_cache: false
[Sun, 13 Jan 2019 08:55:39 +0000] [/resources/wp-json/yoast/v1/ryte] [https://www.nbdigitech.com/resources/wp-admin/index.php] storing cached page: false original false reason User is logged in
[Sun, 13 Jan 2019 08:55:39 +0000] [/resources/wp-json/yoast/v1/statistics] [https://www.nbdigitech.com/resources/wp-admin/index.php] storing cached page: false original false reason User is logged in
[Sun, 13 Jan 2019 08:55:46 +0000] [/resources/wp-admin/plugin-install.php] [https://www.nbdigitech.com/resources/wp-admin/index.php] skip processing because of generic constant
[Sun, 13 Jan 2019 08:55:59 +0000] [/resources/wp-admin/admin-ajax.php] [https://www.nbdigitech.com/resources/wp-admin/plugin-install.php?s=gtm+amp&tab=search&type=term] skip processing because of generic constant
[Sun, 13 Jan 2019 08:56:09 +0000] [/resources/wp-admin/plugin-install.php?tab=plugin-information&plugin=tag-manager-web-analytics-for-amp&] [https://www.nbdigitech.com/resources/wp-admin/plugin-install.php?s=gtm+amp&tab=search&type=term] skip processing because of generic constant
[Sun, 13 Jan 2019 08:56:24 +0000] [/resources/wp-admin/admin-ajax.php] [https://www.nbdigitech.com/resources/wp-admin/plugin-install.php?s=gtm+amp&tab=search&type=term] skip processing because of generic constant
[Sun, 13 Jan 2019 08:56:34 +0000] [/resources/wp-admin/plugins.php?_wpnonce=235629c65a&action=activate&plugin=tag-manager-web-analytics-for-amp/gtm-ga-wordpress-amp.php] [https://www.nbdigitech.com/resources/wp-admin/plugin-install.php?s=gtm+amp&tab=search&type=term] skip processing because of generic constant
[Sun, 13 Jan 2019 08:56:36 +0000] [/resources/5-awesome-ways-for-facebook-marketers-to-a-b-test-there-ad-creatives-for-higher-conversion-rate/?amp_validate=05d3f07def&amp_cache_bust=4189785196] [https://www.nbdigitech.com/resources/5-awesome-ways-for-facebook-marketers-to-a-b-test-there-ad-creatives-for-higher-conversion-rate/?amp_validate=05d3f07def&amp_cache_bust=4189785196] start, can_cache: false
[Sun, 13 Jan 2019 08:56:38 +0000] [/resources/5-awesome-ways-for-facebook-marketers-to-a-b-test-there-ad-creatives-for-higher-conversion-rate/?amp_validate=05d3f07def&amp_cache_bust=4189785196] [https://www.nbdigitech.com/resources/5-awesome-ways-for-facebook-marketers-to-a-b-test-there-ad-creatives-for-higher-conversion-rate/?amp_validate=05d3f07def&amp_cache_bust=4189785196] storing cached page: false original false reason Requested URI contains query
[Sun, 13 Jan 2019 08:56:38 +0000] [/resources/wp-admin/plugins.php?_wpnonce=235629c65a&action=activate&plugin=tag-manager-web-analytics-for-amp%2Fgtm-ga-wordpress-amp.php] [https://www.nbdigitech.com/resources/wp-admin/plugin-install.php?s=gtm+amp&tab=search&type=term] pgcache flush 10 urls
[Sun, 13 Jan 2019 08:56:38 +0000] [/resources/wp-admin/plugins.php?activate=true&plugin_status=all&paged=1&s=] [https://www.nbdigitech.com/resources/wp-admin/plugin-install.php?s=gtm+amp&tab=search&type=term] skip processing because of generic constant
[Sun, 13 Jan 2019 08:56:38 +0000] [/resources/wp-content/cache/minify/1792927584w3tc_rewrite_test.css] [https://www.nbdigitech.com/resources/wp-content/cache/minify/1792927584w3tc_rewrite_test.css] start, can_cache: false
[Sun, 13 Jan 2019 08:56:38 +0000] [/resources/w3tc_rewrite_test926901614] [https://www.nbdigitech.com/resources/w3tc_rewrite_test926901614] start, can_cache: false
[Sun, 13 Jan 2019 08:57:18 +0000] [/resources/wp-admin/admin-ajax.php] [https://www.nbdigitech.com/resources/wp-admin/post.php?post=2156&action=edit] skip processing because of generic constant
[Sun, 13 Jan 2019 08:57:24 +0000] [/resources/wp-admin/plugins.php?action=activate&plugin=google-tag-manager%2Fgoogle-tag-manager.php&plugin_status=all&paged=1&s&_wpnonce=8a4273cd85] [https://www.nbdigitech.com/resources/wp-admin/plugins.php?plugin_status=all&paged=1&s] skip processing because of generic constant
[Sun, 13 Jan 2019 08:57:24 +0000] [/resources/5-awesome-ways-for-facebook-marketers-to-a-b-test-there-ad-creatives-for-higher-conversion-rate/?amp_validate=05d3f07def&amp_cache_bust=256562324] [https://www.nbdigitech.com/resources/5-awesome-ways-for-facebook-marketers-to-a-b-test-there-ad-creatives-for-higher-conversion-rate/?amp_validate=05d3f07def&amp_cache_bust=256562324] start, can_cache: false
[Sun, 13 Jan 2019 08:57:26 +0000] [/resources/5-awesome-ways-for-facebook-marketers-to-a-b-test-there-ad-creatives-for-higher-conversion-rate/?amp_validate=05d3f07def&amp_cache_bust=256562324] [https://www.nbdigitech.com/resources/5-awesome-ways-for-facebook-marketers-to-a-b-test-there-ad-creatives-for-higher-conversion-rate/?amp_validate=05d3f07def&amp_cache_bust=256562324] storing cached page: false original false reason Requested URI contains query
[Sun, 13 Jan 2019 08:57:26 +0000] [/resources/?ao_speedup_cachebuster=69118] [https://www.nbdigitech.com/resources/?ao_speedup_cachebuster=69118] start, can_cache: false
[Sun, 13 Jan 2019 08:57:27 +0000] [/resources/?ao_speedup_cachebuster=69118] [https://www.nbdigitech.com/resources/?ao_speedup_cachebuster=69118] storing cached page: false original false reason Requested URI contains query
[Sun, 13 Jan 2019 08:57:27 +0000] [/resources/wp-admin/plugins.php?action=activate&plugin=google-tag-manager%2Fgoogle-tag-manager.php&plugin_status=all&paged=1&s&_wpnonce=8a4273cd85] [https://www.nbdigitech.com/resources/wp-admin/plugins.php?plugin_status=all&paged=1&s] flush all
[Sun, 13 Jan 2019 08:57:27 +0000] [/resources/wp-admin/plugins.php?activate=true&plugin_status=all&paged=1&s=] [https://www.nbdigitech.com/resources/wp-admin/plugins.php?plugin_status=all&paged=1&s] skip processing because of generic constant
[Sun, 13 Jan 2019 08:57:27 +0000] [/resources/wp-content/cache/minify/1171675911w3tc_rewrite_test.css] [https://www.nbdigitech.com/resources/wp-content/cache/minify/1171675911w3tc_rewrite_test.css] start, can_cache: false
[Sun, 13 Jan 2019 08:57:27 +0000] [/resources/w3tc_rewrite_test65168291] [https://www.nbdigitech.com/resources/w3tc_rewrite_test65168291] start, can_cache: false
[Sun, 13 Jan 2019 08:57:33 +0000] [/resources/wp-admin/edit.php?post_type=amp_validated_url] [https://www.nbdigitech.com/resources/wp-admin/plugins.php?plugin_status=all&paged=1&s] skip processing because of generic constant
[Sun, 13 Jan 2019 08:57:33 +0000] [/resources/wp-admin/admin-ajax.php] [https://www.nbdigitech.com/resources/wp-admin/edit.php?post_type=amp_validated_url] skip processing because of generic constant
[Sun, 13 Jan 2019 08:57:48 +0000] [/resources/wp-admin/admin-ajax.php] [https://www.nbdigitech.com/resources/wp-admin/edit.php?post_type=amp_validated_url] skip processing because of generic constant
[Sun, 13 Jan 2019 08:57:50 +0000] [/resources/wp-admin/plugins.php] [https://www.nbdigitech.com/resources/wp-admin/edit.php?post_type=amp_validated_url] skip processing because of generic constant
[Sun, 13 Jan 2019 08:57:51 +0000] [/resources/wp-content/cache/minify/192233924w3tc_rewrite_test.css] [https://www.nbdigitech.com/resources/wp-content/cache/minify/192233924w3tc_rewrite_test.css] start, can_cache: false
[Sun, 13 Jan 2019 08:57:51 +0000] [/resources/w3tc_rewrite_test464009688] [https://www.nbdigitech.com/resources/w3tc_rewrite_test464009688] start, can_cache: false
[Sun, 13 Jan 2019 08:58:07 +0000] [/resources/wp-admin/plugins.php] [https://www.nbdigitech.com/resources/wp-admin/plugins.php] skip processing because of generic constant
[Sun, 13 Jan 2019 08:58:08 +0000] [/resources/wp-admin/plugins.php?deactivate-multi=true&plugin_status=all&paged=1&s=] [https://www.nbdigitech.com/resources/wp-admin/plugins.php] skip processing because of generic constant
[Sun, 13 Jan 2019 08:58:08 +0000] [/resources/wp-content/cache/minify/1351335051w3tc_rewrite_test.css] [https://www.nbdigitech.com/resources/wp-content/cache/minify/1351335051w3tc_rewrite_test.css] start, can_cache: false
[Sun, 13 Jan 2019 08:58:08 +0000] [/resources/w3tc_rewrite_test595113756] [https://www.nbdigitech.com/resources/w3tc_rewrite_test595113756] start, can_cache: false
[Sun, 13 Jan 2019 08:58:15 +0000] [/resources/advertising-agency/feed/] [-] start, can_cache: false
[Sun, 13 Jan 2019 08:58:15 +0000] [/resources/advertising-agency/feed/] [-] storing cached page: false original false reason Requested method is HEAD
[Sun, 13 Jan 2019 08:58:17 +0000] [/resources/wp-admin/plugins.php?action=deactivate&plugin=w3-total-cache%2Fw3-total-cache.php&plugin_status=all&paged=1&s&_wpnonce=903213105d] [https://www.nbdigitech.com/resources/wp-admin/plugins.php?plugin_status=all&paged=1&s] skip processing because of generic constant
[Sun, 13 Jan 2019 08:58:17 +0000] [/resources/wp-admin/plugins.php?deactivate=true&plugin_status=all&paged=1&s=] [https://www.nbdigitech.com/resources/wp-admin/plugins.php?plugin_status=all&paged=1&s] skip processing because of generic constant
