[25-Jan-2019 10:31:01 UTC] WPSSO Core warning: Slow PHP function detected - getimagesize() took 1.519 secs for http://www.nbdigitech.com/resources/wp-content/uploads/2017/09/wp-image-1332612033.png (longer than recommended max of 1.500 secs).
[25-Jan-2019 10:31:01 UTC] PHP Warning:  ini_set(): open_basedir restriction in effect. File() is not within the allowed path(s): (/home/admin/web/nbdigitech.com/public_html:/home/admin/tmp) in /home/admin/web/nbdigitech.com/public_html/resources/wp-content/plugins/wpsso/lib/com/util.php on line 3705
[29-Jan-2019 15:19:17 UTC] WPSSO Core warning: Slow PHP function detected - getimagesize() took 1.641 secs for http://www.nbdigitech.com/resources/nbdt_final/resources/wp-content/uploads/2017/12/screenshot_20171206-205705734084845.png (longer than recommended max of 1.500 secs).
[29-Jan-2019 15:19:17 UTC] PHP Warning:  ini_set(): open_basedir restriction in effect. File() is not within the allowed path(s): (/home/admin/web/nbdigitech.com/public_html:/home/admin/tmp) in /home/admin/web/nbdigitech.com/public_html/resources/wp-content/plugins/wpsso/lib/com/util.php on line 3705
[14-Feb-2019 10:01:43 UTC] WPSSO Core warning: Slow PHP function detected - getimagesize() took 1.529 secs for https://www.nbdigitech.com/resources/wp-content/uploads/2019/02/Top-10-cost-effective-digital-marketing-services-list-352x1024.jpg (longer than recommended max of 1.500 secs).
[14-Feb-2019 10:01:43 UTC] PHP Warning:  ini_set(): open_basedir restriction in effect. File() is not within the allowed path(s): (/home/admin/web/nbdigitech.com/public_html:/home/admin/tmp) in /home/admin/web/nbdigitech.com/public_html/resources/wp-content/plugins/wpsso/lib/com/util.php on line 3705
[20-Feb-2019 23:28:21 UTC] WPSSO Core warning: Slow PHP function detected - getimagesize() took 1.741 secs for http://www.nbdigitech.com/resources/nbdt_final/resources/wp-content/uploads/2017/12/screenshot_20171206-205705734084845.png (longer than recommended max of 1.500 secs).
[20-Feb-2019 23:28:21 UTC] PHP Warning:  ini_set(): open_basedir restriction in effect. File() is not within the allowed path(s): (/home/admin/web/nbdigitech.com/public_html:/home/admin/tmp) in /home/admin/web/nbdigitech.com/public_html/resources/wp-content/plugins/wpsso/lib/com/util.php on line 3705
[28-Feb-2019 04:22:31 UTC] WPSSO Core warning: Slow PHP function detected - getimagesize() took 1.664 secs for http://www.nbdigitech.com/resources/nbdt_final/resources/wp-content/uploads/2018/06/Untitled-300x249.png (longer than recommended max of 1.500 secs).
[28-Feb-2019 04:22:31 UTC] PHP Warning:  ini_set(): open_basedir restriction in effect. File() is not within the allowed path(s): (/home/admin/web/nbdigitech.com/public_html:/home/admin/tmp) in /home/admin/web/nbdigitech.com/public_html/resources/wp-content/plugins/wpsso/lib/com/util.php on line 3726
[01-Mar-2019 05:43:53 UTC] WPSSO Core warning: Slow PHP function detected - getimagesize() took 1.531 secs for http://www.nbdigitech.com/resources/wp-content/uploads/2017/09/wp-image-1332612033.png (longer than recommended max of 1.500 secs).
[01-Mar-2019 05:43:53 UTC] PHP Warning:  ini_set(): open_basedir restriction in effect. File() is not within the allowed path(s): (/home/admin/web/nbdigitech.com/public_html:/home/admin/tmp) in /home/admin/web/nbdigitech.com/public_html/resources/wp-content/plugins/wpsso/lib/com/util.php on line 3726
[31-Mar-2019 09:31:36 UTC] WPSSO Core warning: Slow PHP function detected - getimagesize() took 4.300 secs for http://www.nbdigitech.com/resources/nbdt_final/resources/wp-content/uploads/2018/06/Untitled-300x249.png (longer than recommended max of 1.500 secs).
[31-Mar-2019 09:31:36 UTC] PHP Warning:  ini_set(): open_basedir restriction in effect. File() is not within the allowed path(s): (/home/admin/web/nbdigitech.com/public_html:/home/admin/tmp) in /home/admin/web/nbdigitech.com/public_html/resources/wp-content/plugins/wpsso/lib/com/util.php on line 3726
[31-Mar-2019 15:00:48 UTC] WPSSO Core warning: Slow PHP function detected - getimagesize() took 1.519 secs for http://www.nbdigitech.com/resources/wp-content/uploads/2017/09/wp-image-1332612033.png (longer than recommended max of 1.500 secs).
[31-Mar-2019 15:00:48 UTC] PHP Warning:  ini_set(): open_basedir restriction in effect. File() is not within the allowed path(s): (/home/admin/web/nbdigitech.com/public_html:/home/admin/tmp) in /home/admin/web/nbdigitech.com/public_html/resources/wp-content/plugins/wpsso/lib/com/util.php on line 3726
[01-Apr-2019 23:38:51 UTC] WPSSO Core warning: Slow PHP function detected - getimagesize() took 1.682 secs for http://www.nbdigitech.com/resources/nbdt_final/resources/wp-content/uploads/2017/12/screenshot_20171206-205705734084845.png (longer than recommended max of 1.500 secs).
[01-Apr-2019 23:38:51 UTC] PHP Warning:  ini_set(): open_basedir restriction in effect. File() is not within the allowed path(s): (/home/admin/web/nbdigitech.com/public_html:/home/admin/tmp) in /home/admin/web/nbdigitech.com/public_html/resources/wp-content/plugins/wpsso/lib/com/util.php on line 3726
[15-Apr-2019 09:10:57 UTC] WPSSO Core warning: Slow PHP function detected - getimagesize() took 3.384 secs for http://www.nbdigitech.com/resources/nbdt_final/resources/wp-content/uploads/2018/06/Untitled-300x249.png (longer than recommended max of 1.500 secs).
[15-Apr-2019 09:10:57 UTC] PHP Warning:  ini_set(): open_basedir restriction in effect. File() is not within the allowed path(s): (/home/admin/web/nbdigitech.com/public_html:/home/admin/tmp) in /home/admin/web/nbdigitech.com/public_html/resources/wp-content/plugins/wpsso/lib/com/util.php on line 3726
